[2024-01-23T10:32:17.364] [INFO] katalon - Updated configs @ C:\Users\0767\Katalon Studio\ProjectIGLO\agentconfig.
[2024-01-23T10:32:33.210] [INFO] katalon - Loading agent configs @ C:\Users\0767\Katalon Studio\ProjectIGLO\agentconfig
[2024-01-23T10:32:33.217] [INFO] katalon - Katalon Agent v2.0.1 started @ Tue Jan 23 2024 10:32:33 GMT+0700 (Western Indonesia Time)
[2024-01-23T10:32:33.217] [INFO] katalon - Getting server profiles...
[2024-01-23T10:32:54.369] [ERROR] katalon - { message: 'connect ETIMEDOUT 34.235.42.225:443',
  name: 'Error',
  description: undefined,
  number: undefined,
  fileName: undefined,
  lineNumber: undefined,
  columnNumber: undefined,
  stack:
   'Error: connect ETIMEDOUT 34.235.42.225:443\n    at TCPConnectWrap.afterConnect [as oncomplete] (net.js:1107:14)',
  config:
   { transitional:
      { silentJSONParsing: true,
        forcedJSONParsing: true,
        clarifyTimeoutError: false },
     adapter: [Function: httpAdapter],
     transformRequest: [ [Function: transformRequest] ],
     transformResponse: [ [Function: transformResponse] ],
     timeout: 60000,
     xsrfCookieName: 'XSRF-TOKEN',
     xsrfHeaderName: 'X-XSRF-TOKEN',
     maxContentLength: -1,
     maxBodyLength: -1,
     env: { FormData: [Function] },
     validateStatus: [Function: validateStatus],
     headers:
      { Accept: 'application/json, text/plain, */*',
        Authorization: 'Basic OjMwYTY0NmE1LTZjMTQtNDFkZi05YThlLTcxYmJkMzgxY2NmNg==',
        'User-Agent': 'axios/0.27.2' },
     method: 'get',
     url: 'https://testops.katalon.io/info',
     params: {},
     data: null,
     proxy: null,
     httpsAgent:
      Agent {
        _events: [Object],
        _eventsCount: 1,
        _maxListeners: undefined,
        defaultPort: 443,
        protocol: 'https:',
        options: [Object],
        requests: {},
        sockets: [Object],
        freeSockets: {},
        keepAliveMsecs: 1000,
        keepAlive: true,
        maxSockets: Infinity,
        maxFreeSockets: 256,
        maxCachedSessions: 100,
        _sessionCache: [Object] } },
  code: 'ETIMEDOUT',
  status: null }
[2024-01-23T10:32:54.409] [ERROR] katalon - { message: 'connect ETIMEDOUT 34.235.42.225:443',
  name: 'Error',
  description: undefined,
  number: undefined,
  fileName: undefined,
  lineNumber: undefined,
  columnNumber: undefined,
  stack:
   'Error: connect ETIMEDOUT 34.235.42.225:443\n    at TCPConnectWrap.afterConnect [as oncomplete] (net.js:1107:14)',
  config:
   { transitional:
      { silentJSONParsing: true,
        forcedJSONParsing: true,
        clarifyTimeoutError: false },
     adapter: [Function: httpAdapter],
     transformRequest: [ [Function: transformRequest] ],
     transformResponse: [ [Function: transformResponse] ],
     timeout: 60000,
     xsrfCookieName: 'XSRF-TOKEN',
     xsrfHeaderName: 'X-XSRF-TOKEN',
     maxContentLength: -1,
     maxBodyLength: -1,
     env: { FormData: [Function] },
     validateStatus: [Function: validateStatus],
     headers:
      { Accept: 'application/json, text/plain, */*',
        Authorization: 'Basic OjMwYTY0NmE1LTZjMTQtNDFkZi05YThlLTcxYmJkMzgxY2NmNg==',
        'User-Agent': 'axios/0.27.2' },
     method: 'get',
     url: 'https://testops.katalon.io/info',
     params: {},
     data: null,
     proxy: null,
     httpsAgent:
      Agent {
        _events: [Object],
        _eventsCount: 1,
        _maxListeners: undefined,
        defaultPort: 443,
        protocol: 'https:',
        options: [Object],
        requests: {},
        sockets: [Object],
        freeSockets: {},
        keepAliveMsecs: 1000,
        keepAlive: true,
        maxSockets: Infinity,
        maxFreeSockets: 256,
        maxCachedSessions: 100,
        _sessionCache: [Object] } },
  code: 'ETIMEDOUT',
  status: null }
[2024-01-23T10:33:33.234] [INFO] katalon - Getting server profiles...
[2024-01-23T10:33:54.749] [ERROR] katalon - { message: 'connect ETIMEDOUT 3.209.155.10:443',
  name: 'Error',
  description: undefined,
  number: undefined,
  fileName: undefined,
  lineNumber: undefined,
  columnNumber: undefined,
  stack:
   'Error: connect ETIMEDOUT 3.209.155.10:443\n    at TCPConnectWrap.afterConnect [as oncomplete] (net.js:1107:14)',
  config:
   { transitional:
      { silentJSONParsing: true,
        forcedJSONParsing: true,
        clarifyTimeoutError: false },
     adapter: [Function: httpAdapter],
     transformRequest: [ [Function: transformRequest] ],
     transformResponse: [ [Function: transformResponse] ],
     timeout: 60000,
     xsrfCookieName: 'XSRF-TOKEN',
     xsrfHeaderName: 'X-XSRF-TOKEN',
     maxContentLength: -1,
     maxBodyLength: -1,
     env: { FormData: [Function] },
     validateStatus: [Function: validateStatus],
     headers:
      { Accept: 'application/json, text/plain, */*',
        'Content-Type': 'application/json',
        Authorization: 'Basic OjMwYTY0NmE1LTZjMTQtNDFkZi05YThlLTcxYmJkMzgxY2NmNg==',
        'User-Agent': 'axios/0.27.2',
        'Content-Length': 199 },
     method: 'post',
     url: 'https://testops.katalon.io/api/v1/agent',
     params: {},
     data:
      '{"uuid":"1705980737362-88050189-da2f-419f-a814-b15282260fde","name":"My Agent","organizationId":"1378380","hostname":"DESKTOP-SQ56SGT","ip":"192.168.55.147","os":"Windows 64","agentVersion":"v2.0.1"}',
     proxy: null,
     httpsAgent:
      Agent {
        _events: [Object],
        _eventsCount: 1,
        _maxListeners: undefined,
        defaultPort: 443,
        protocol: 'https:',
        options: [Object],
        requests: {},
        sockets: [Object],
        freeSockets: {},
        keepAliveMsecs: 1000,
        keepAlive: true,
        maxSockets: Infinity,
        maxFreeSockets: 256,
        maxCachedSessions: 100,
        _sessionCache: [Object] } },
  code: 'ETIMEDOUT',
  status: null }
[2024-01-23T10:33:54.753] [ERROR] katalon - Cannot send agent info to server: { message: 'connect ETIMEDOUT 3.209.155.10:443',
  name: 'Error',
  description: undefined,
  number: undefined,
  fileName: undefined,
  lineNumber: undefined,
  columnNumber: undefined,
  stack:
   'Error: connect ETIMEDOUT 3.209.155.10:443\n    at TCPConnectWrap.afterConnect [as oncomplete] (net.js:1107:14)',
  config:
   { transitional:
      { silentJSONParsing: true,
        forcedJSONParsing: true,
        clarifyTimeoutError: false },
     adapter: [Function: httpAdapter],
     transformRequest: [ [Function: transformRequest] ],
     transformResponse: [ [Function: transformResponse] ],
     timeout: 60000,
     xsrfCookieName: 'XSRF-TOKEN',
     xsrfHeaderName: 'X-XSRF-TOKEN',
     maxContentLength: -1,
     maxBodyLength: -1,
     env: { FormData: [Function] },
     validateStatus: [Function: validateStatus],
     headers:
      { Accept: 'application/json, text/plain, */*',
        'Content-Type': 'application/json',
        Authorization: 'Basic OjMwYTY0NmE1LTZjMTQtNDFkZi05YThlLTcxYmJkMzgxY2NmNg==',
        'User-Agent': 'axios/0.27.2',
        'Content-Length': 199 },
     method: 'post',
     url: 'https://testops.katalon.io/api/v1/agent',
     params: {},
     data:
      '{"uuid":"1705980737362-88050189-da2f-419f-a814-b15282260fde","name":"My Agent","organizationId":"1378380","hostname":"DESKTOP-SQ56SGT","ip":"192.168.55.147","os":"Windows 64","agentVersion":"v2.0.1"}',
     proxy: null,
     httpsAgent:
      Agent {
        _events: [Object],
        _eventsCount: 1,
        _maxListeners: undefined,
        defaultPort: 443,
        protocol: 'https:',
        options: [Object],
        requests: {},
        sockets: [Object],
        freeSockets: {},
        keepAliveMsecs: 1000,
        keepAlive: true,
        maxSockets: Infinity,
        maxFreeSockets: 256,
        maxCachedSessions: 100,
        _sessionCache: [Object] } },
  code: 'ETIMEDOUT',
  status: null }
[2024-01-23T10:33:54.758] [ERROR] katalon - { message: 'connect ETIMEDOUT 3.209.155.10:443',
  name: 'Error',
  description: undefined,
  number: undefined,
  fileName: undefined,
  lineNumber: undefined,
  columnNumber: undefined,
  stack:
   'Error: connect ETIMEDOUT 3.209.155.10:443\n    at TCPConnectWrap.afterConnect [as oncomplete] (net.js:1107:14)',
  config:
   { transitional:
      { silentJSONParsing: true,
        forcedJSONParsing: true,
        clarifyTimeoutError: false },
     adapter: [Function: httpAdapter],
     transformRequest: [ [Function: transformRequest] ],
     transformResponse: [ [Function: transformResponse] ],
     timeout: 60000,
     xsrfCookieName: 'XSRF-TOKEN',
     xsrfHeaderName: 'X-XSRF-TOKEN',
     maxContentLength: -1,
     maxBodyLength: -1,
     env: { FormData: [Function] },
     validateStatus: [Function: validateStatus],
     headers:
      { Accept: 'application/json, text/plain, */*',
        Authorization: 'Basic OjMwYTY0NmE1LTZjMTQtNDFkZi05YThlLTcxYmJkMzgxY2NmNg==',
        'User-Agent': 'axios/0.27.2' },
     method: 'get',
     url: 'https://testops.katalon.io/info',
     params: {},
     data: null,
     proxy: null,
     httpsAgent:
      Agent {
        _events: [Object],
        _eventsCount: 1,
        _maxListeners: undefined,
        defaultPort: 443,
        protocol: 'https:',
        options: [Object],
        requests: {},
        sockets: [Object],
        freeSockets: {},
        keepAliveMsecs: 1000,
        keepAlive: true,
        maxSockets: Infinity,
        maxFreeSockets: 256,
        maxCachedSessions: 100,
        _sessionCache: [Object] } },
  code: 'ETIMEDOUT',
  status: null }
[2024-01-23T10:33:54.760] [ERROR] katalon - { message: 'connect ETIMEDOUT 3.209.155.10:443',
  name: 'Error',
  description: undefined,
  number: undefined,
  fileName: undefined,
  lineNumber: undefined,
  columnNumber: undefined,
  stack:
   'Error: connect ETIMEDOUT 3.209.155.10:443\n    at TCPConnectWrap.afterConnect [as oncomplete] (net.js:1107:14)',
  config:
   { transitional:
      { silentJSONParsing: true,
        forcedJSONParsing: true,
        clarifyTimeoutError: false },
     adapter: [Function: httpAdapter],
     transformRequest: [ [Function: transformRequest] ],
     transformResponse: [ [Function: transformResponse] ],
     timeout: 60000,
     xsrfCookieName: 'XSRF-TOKEN',
     xsrfHeaderName: 'X-XSRF-TOKEN',
     maxContentLength: -1,
     maxBodyLength: -1,
     env: { FormData: [Function] },
     validateStatus: [Function: validateStatus],
     headers:
      { Accept: 'application/json, text/plain, */*',
        Authorization: 'Basic OjMwYTY0NmE1LTZjMTQtNDFkZi05YThlLTcxYmJkMzgxY2NmNg==',
        'User-Agent': 'axios/0.27.2' },
     method: 'get',
     url: 'https://testops.katalon.io/info',
     params: {},
     data: null,
     proxy: null,
     httpsAgent:
      Agent {
        _events: [Object],
        _eventsCount: 1,
        _maxListeners: undefined,
        defaultPort: 443,
        protocol: 'https:',
        options: [Object],
        requests: {},
        sockets: [Object],
        freeSockets: {},
        keepAliveMsecs: 1000,
        keepAlive: true,
        maxSockets: Infinity,
        maxFreeSockets: 256,
        maxCachedSessions: 100,
        _sessionCache: [Object] } },
  code: 'ETIMEDOUT',
  status: null }
[2024-01-23T10:34:33.238] [INFO] katalon - Getting server profiles...
[2024-01-23T10:34:34.204] [INFO] katalon - get https://testops.katalon.io/info 200.
[2024-01-23T10:34:35.256] [INFO] katalon - get https://testops.katalon.io/api/v1/jobs/get-job 200.
[2024-01-23T10:34:54.305] [ERROR] katalon - { message: 'connect ETIMEDOUT 3.209.155.10:443',
  name: 'Error',
  description: undefined,
  number: undefined,
  fileName: undefined,
  lineNumber: undefined,
  columnNumber: undefined,
  stack:
   'Error: connect ETIMEDOUT 3.209.155.10:443\n    at TCPConnectWrap.afterConnect [as oncomplete] (net.js:1107:14)',
  config:
   { transitional:
      { silentJSONParsing: true,
        forcedJSONParsing: true,
        clarifyTimeoutError: false },
     adapter: [Function: httpAdapter],
     transformRequest: [ [Function: transformRequest] ],
     transformResponse: [ [Function: transformResponse] ],
     timeout: 60000,
     xsrfCookieName: 'XSRF-TOKEN',
     xsrfHeaderName: 'X-XSRF-TOKEN',
     maxContentLength: -1,
     maxBodyLength: -1,
     env: { FormData: [Function] },
     validateStatus: [Function: validateStatus],
     headers:
      { Accept: 'application/json, text/plain, */*',
        'Content-Type': 'application/json',
        Authorization: 'Basic OjMwYTY0NmE1LTZjMTQtNDFkZi05YThlLTcxYmJkMzgxY2NmNg==',
        'User-Agent': 'axios/0.27.2',
        'Content-Length': 199 },
     method: 'post',
     url: 'https://testops.katalon.io/api/v1/agent',
     params: {},
     data:
      '{"uuid":"1705980737362-88050189-da2f-419f-a814-b15282260fde","name":"My Agent","organizationId":"1378380","hostname":"DESKTOP-SQ56SGT","ip":"192.168.55.147","os":"Windows 64","agentVersion":"v2.0.1"}',
     proxy: null,
     httpsAgent:
      Agent {
        _events: [Object],
        _eventsCount: 1,
        _maxListeners: undefined,
        defaultPort: 443,
        protocol: 'https:',
        options: [Object],
        requests: {},
        sockets: [Object],
        freeSockets: {},
        keepAliveMsecs: 1000,
        keepAlive: true,
        maxSockets: Infinity,
        maxFreeSockets: 256,
        maxCachedSessions: 100,
        _sessionCache: [Object] } },
  code: 'ETIMEDOUT',
  status: null }
[2024-01-23T10:34:54.309] [ERROR] katalon - Cannot send agent info to server: { message: 'connect ETIMEDOUT 3.209.155.10:443',
  name: 'Error',
  description: undefined,
  number: undefined,
  fileName: undefined,
  lineNumber: undefined,
  columnNumber: undefined,
  stack:
   'Error: connect ETIMEDOUT 3.209.155.10:443\n    at TCPConnectWrap.afterConnect [as oncomplete] (net.js:1107:14)',
  config:
   { transitional:
      { silentJSONParsing: true,
        forcedJSONParsing: true,
        clarifyTimeoutError: false },
     adapter: [Function: httpAdapter],
     transformRequest: [ [Function: transformRequest] ],
     transformResponse: [ [Function: transformResponse] ],
     timeout: 60000,
     xsrfCookieName: 'XSRF-TOKEN',
     xsrfHeaderName: 'X-XSRF-TOKEN',
     maxContentLength: -1,
     maxBodyLength: -1,
     env: { FormData: [Function] },
     validateStatus: [Function: validateStatus],
     headers:
      { Accept: 'application/json, text/plain, */*',
        'Content-Type': 'application/json',
        Authorization: 'Basic OjMwYTY0NmE1LTZjMTQtNDFkZi05YThlLTcxYmJkMzgxY2NmNg==',
        'User-Agent': 'axios/0.27.2',
        'Content-Length': 199 },
     method: 'post',
     url: 'https://testops.katalon.io/api/v1/agent',
     params: {},
     data:
      '{"uuid":"1705980737362-88050189-da2f-419f-a814-b15282260fde","name":"My Agent","organizationId":"1378380","hostname":"DESKTOP-SQ56SGT","ip":"192.168.55.147","os":"Windows 64","agentVersion":"v2.0.1"}',
     proxy: null,
     httpsAgent:
      Agent {
        _events: [Object],
        _eventsCount: 1,
        _maxListeners: undefined,
        defaultPort: 443,
        protocol: 'https:',
        options: [Object],
        requests: {},
        sockets: [Object],
        freeSockets: {},
        keepAliveMsecs: 1000,
        keepAlive: true,
        maxSockets: Infinity,
        maxFreeSockets: 256,
        maxCachedSessions: 100,
        _sessionCache: [Object] } },
  code: 'ETIMEDOUT',
  status: null }
[2024-01-23T10:35:41.679] [INFO] katalon - post https://testops.katalon.io/api/v1/agent 200.
[2024-01-23T10:35:41.732] [INFO] katalon - get https://testops.katalon.io/api/v1/jobs/get-job 200.
[2024-01-23T10:36:34.331] [INFO] katalon - get https://testops.katalon.io/api/v1/jobs/get-job 200.
[2024-01-23T10:36:34.347] [INFO] katalon - post https://testops.katalon.io/api/v1/agent 200.
[2024-01-23T10:37:35.664] [INFO] katalon - get https://testops.katalon.io/api/v1/jobs/get-job 200.
[2024-01-23T10:37:35.677] [INFO] katalon - post https://testops.katalon.io/api/v1/agent 200.
[2024-01-23T10:38:34.347] [INFO] katalon - get https://testops.katalon.io/api/v1/jobs/get-job 200.
[2024-01-23T10:38:34.349] [INFO] katalon - post https://testops.katalon.io/api/v1/agent 200.
[2024-01-23T10:39:34.362] [INFO] katalon - get https://testops.katalon.io/api/v1/jobs/get-job 200.
[2024-01-23T10:48:42.751] [ERROR] katalon - { message: 'timeout of 60000ms exceeded',
  name: 'AxiosError',
  description: undefined,
  number: undefined,
  fileName: undefined,
  lineNumber: undefined,
  columnNumber: undefined,
  stack: undefined,
  config:
   { transitional:
      { silentJSONParsing: true,
        forcedJSONParsing: true,
        clarifyTimeoutError: false },
     adapter: [Function: httpAdapter],
     transformRequest: [ [Function: transformRequest] ],
     transformResponse: [ [Function: transformResponse] ],
     timeout: 60000,
     xsrfCookieName: 'XSRF-TOKEN',
     xsrfHeaderName: 'X-XSRF-TOKEN',
     maxContentLength: -1,
     maxBodyLength: -1,
     env: { FormData: [Function] },
     validateStatus: [Function: validateStatus],
     headers:
      { Accept: 'application/json, text/plain, */*',
        'Content-Type': 'application/json',
        Authorization: 'Basic OjMwYTY0NmE1LTZjMTQtNDFkZi05YThlLTcxYmJkMzgxY2NmNg==',
        'User-Agent': 'axios/0.27.2',
        'Content-Length': 199 },
     method: 'post',
     url: 'https://testops.katalon.io/api/v1/agent',
     params: {},
     data:
      '{"uuid":"1705980737362-88050189-da2f-419f-a814-b15282260fde","name":"My Agent","organizationId":"1378380","hostname":"DESKTOP-SQ56SGT","ip":"192.168.55.147","os":"Windows 64","agentVersion":"v2.0.1"}',
     proxy: null,
     httpsAgent:
      Agent {
        _events: [Object],
        _eventsCount: 1,
        _maxListeners: undefined,
        defaultPort: 443,
        protocol: 'https:',
        options: [Object],
        requests: {},
        sockets: [Object],
        freeSockets: {},
        keepAliveMsecs: 1000,
        keepAlive: true,
        maxSockets: Infinity,
        maxFreeSockets: 256,
        maxCachedSessions: 100,
        _sessionCache: [Object] } },
  code: 'ECONNABORTED',
  status: null }
[2024-01-23T10:48:42.753] [ERROR] katalon - Cannot send agent info to server: { message: 'timeout of 60000ms exceeded',
  name: 'AxiosError',
  description: undefined,
  number: undefined,
  fileName: undefined,
  lineNumber: undefined,
  columnNumber: undefined,
  stack: undefined,
  config:
   { transitional:
      { silentJSONParsing: true,
        forcedJSONParsing: true,
        clarifyTimeoutError: false },
     adapter: [Function: httpAdapter],
     transformRequest: [ [Function: transformRequest] ],
     transformResponse: [ [Function: transformResponse] ],
     timeout: 60000,
     xsrfCookieName: 'XSRF-TOKEN',
     xsrfHeaderName: 'X-XSRF-TOKEN',
     maxContentLength: -1,
     maxBodyLength: -1,
     env: { FormData: [Function] },
     validateStatus: [Function: validateStatus],
     headers:
      { Accept: 'application/json, text/plain, */*',
        'Content-Type': 'application/json',
        Authorization: 'Basic OjMwYTY0NmE1LTZjMTQtNDFkZi05YThlLTcxYmJkMzgxY2NmNg==',
        'User-Agent': 'axios/0.27.2',
        'Content-Length': 199 },
     method: 'post',
     url: 'https://testops.katalon.io/api/v1/agent',
     params: {},
     data:
      '{"uuid":"1705980737362-88050189-da2f-419f-a814-b15282260fde","name":"My Agent","organizationId":"1378380","hostname":"DESKTOP-SQ56SGT","ip":"192.168.55.147","os":"Windows 64","agentVersion":"v2.0.1"}',
     proxy: null,
     httpsAgent:
      Agent {
        _events: [Object],
        _eventsCount: 1,
        _maxListeners: undefined,
        defaultPort: 443,
        protocol: 'https:',
        options: [Object],
        requests: {},
        sockets: [Object],
        freeSockets: {},
        keepAliveMsecs: 1000,
        keepAlive: true,
        maxSockets: Infinity,
        maxFreeSockets: 256,
        maxCachedSessions: 100,
        _sessionCache: [Object] } },
  code: 'ECONNABORTED',
  status: null }
[2024-01-23T10:48:58.899] [INFO] katalon - get https://testops.katalon.io/api/v1/jobs/get-job 200.
[2024-01-23T10:48:58.904] [INFO] katalon - post https://testops.katalon.io/api/v1/agent 200.
[2024-01-23T10:49:51.862] [INFO] katalon - post https://testops.katalon.io/api/v1/agent 200.
[2024-01-23T10:49:52.377] [INFO] katalon - get https://testops.katalon.io/api/v1/jobs/get-job 200.
[2024-01-23T10:50:44.892] [INFO] katalon - post https://testops.katalon.io/api/v1/agent 200.
[2024-01-23T10:50:45.614] [INFO] katalon - get https://testops.katalon.io/api/v1/jobs/get-job 200.
[2024-01-23T10:52:03.859] [ERROR] katalon - { message: 'connect ETIMEDOUT 3.209.155.10:443',
  name: 'Error',
  description: undefined,
  number: undefined,
  fileName: undefined,
  lineNumber: undefined,
  columnNumber: undefined,
  stack:
   'Error: connect ETIMEDOUT 3.209.155.10:443\n    at TCPConnectWrap.afterConnect [as oncomplete] (net.js:1107:14)',
  config:
   { transitional:
      { silentJSONParsing: true,
        forcedJSONParsing: true,
        clarifyTimeoutError: false },
     adapter: [Function: httpAdapter],
     transformRequest: [ [Function: transformRequest] ],
     transformResponse: [ [Function: transformResponse] ],
     timeout: 60000,
     xsrfCookieName: 'XSRF-TOKEN',
     xsrfHeaderName: 'X-XSRF-TOKEN',
     maxContentLength: -1,
     maxBodyLength: -1,
     env: { FormData: [Function] },
     validateStatus: [Function: validateStatus],
     headers:
      { Accept: 'application/json, text/plain, */*',
        Authorization: 'Basic OjMwYTY0NmE1LTZjMTQtNDFkZi05YThlLTcxYmJkMzgxY2NmNg==',
        'User-Agent': 'axios/0.27.2' },
     method: 'get',
     url: 'https://testops.katalon.io/api/v1/jobs/get-job',
     params:
      { uuid: '1705980737362-88050189-da2f-419f-a814-b15282260fde',
        organizationId: '1378380' },
     data: null,
     proxy: null,
     httpsAgent:
      Agent {
        _events: [Object],
        _eventsCount: 1,
        _maxListeners: undefined,
        defaultPort: 443,
        protocol: 'https:',
        options: [Object],
        requests: {},
        sockets: [Object],
        freeSockets: {},
        keepAliveMsecs: 1000,
        keepAlive: true,
        maxSockets: Infinity,
        maxFreeSockets: 256,
        maxCachedSessions: 100,
        _sessionCache: [Object] } },
  code: 'ETIMEDOUT',
  status: null }
[2024-01-23T10:52:03.868] [ERROR] katalon - { message: 'connect ETIMEDOUT 3.209.155.10:443',
  name: 'Error',
  description: undefined,
  number: undefined,
  fileName: undefined,
  lineNumber: undefined,
  columnNumber: undefined,
  stack:
   'Error: connect ETIMEDOUT 3.209.155.10:443\n    at TCPConnectWrap.afterConnect [as oncomplete] (net.js:1107:14)',
  config:
   { transitional:
      { silentJSONParsing: true,
        forcedJSONParsing: true,
        clarifyTimeoutError: false },
     adapter: [Function: httpAdapter],
     transformRequest: [ [Function: transformRequest] ],
     transformResponse: [ [Function: transformResponse] ],
     timeout: 60000,
     xsrfCookieName: 'XSRF-TOKEN',
     xsrfHeaderName: 'X-XSRF-TOKEN',
     maxContentLength: -1,
     maxBodyLength: -1,
     env: { FormData: [Function] },
     validateStatus: [Function: validateStatus],
     headers:
      { Accept: 'application/json, text/plain, */*',
        Authorization: 'Basic OjMwYTY0NmE1LTZjMTQtNDFkZi05YThlLTcxYmJkMzgxY2NmNg==',
        'User-Agent': 'axios/0.27.2' },
     method: 'get',
     url: 'https://testops.katalon.io/api/v1/jobs/get-job',
     params:
      { uuid: '1705980737362-88050189-da2f-419f-a814-b15282260fde',
        organizationId: '1378380' },
     data: null,
     proxy: null,
     httpsAgent:
      Agent {
        _events: [Object],
        _eventsCount: 1,
        _maxListeners: undefined,
        defaultPort: 443,
        protocol: 'https:',
        options: [Object],
        requests: {},
        sockets: [Object],
        freeSockets: {},
        keepAliveMsecs: 1000,
        keepAlive: true,
        maxSockets: Infinity,
        maxFreeSockets: 256,
        maxCachedSessions: 100,
        _sessionCache: [Object] } },
  code: 'ETIMEDOUT',
  status: null }
[2024-01-23T10:52:03.889] [ERROR] katalon - { message: 'connect ETIMEDOUT 3.209.155.10:443',
  name: 'Error',
  description: undefined,
  number: undefined,
  fileName: undefined,
  lineNumber: undefined,
  columnNumber: undefined,
  stack:
   'Error: connect ETIMEDOUT 3.209.155.10:443\n    at TCPConnectWrap.afterConnect [as oncomplete] (net.js:1107:14)',
  config:
   { transitional:
      { silentJSONParsing: true,
        forcedJSONParsing: true,
        clarifyTimeoutError: false },
     adapter: [Function: httpAdapter],
     transformRequest: [ [Function: transformRequest] ],
     transformResponse: [ [Function: transformResponse] ],
     timeout: 60000,
     xsrfCookieName: 'XSRF-TOKEN',
     xsrfHeaderName: 'X-XSRF-TOKEN',
     maxContentLength: -1,
     maxBodyLength: -1,
     env: { FormData: [Function] },
     validateStatus: [Function: validateStatus],
     headers:
      { Accept: 'application/json, text/plain, */*',
        'Content-Type': 'application/json',
        Authorization: 'Basic OjMwYTY0NmE1LTZjMTQtNDFkZi05YThlLTcxYmJkMzgxY2NmNg==',
        'User-Agent': 'axios/0.27.2',
        'Content-Length': 199 },
     method: 'post',
     url: 'https://testops.katalon.io/api/v1/agent',
     params: {},
     data:
      '{"uuid":"1705980737362-88050189-da2f-419f-a814-b15282260fde","name":"My Agent","organizationId":"1378380","hostname":"DESKTOP-SQ56SGT","ip":"192.168.55.147","os":"Windows 64","agentVersion":"v2.0.1"}',
     proxy: null,
     httpsAgent:
      Agent {
        _events: [Object],
        _eventsCount: 1,
        _maxListeners: undefined,
        defaultPort: 443,
        protocol: 'https:',
        options: [Object],
        requests: {},
        sockets: [Object],
        freeSockets: {},
        keepAliveMsecs: 1000,
        keepAlive: true,
        maxSockets: Infinity,
        maxFreeSockets: 256,
        maxCachedSessions: 100,
        _sessionCache: [Object] } },
  code: 'ETIMEDOUT',
  status: null }
[2024-01-23T10:52:03.900] [ERROR] katalon - Cannot send agent info to server: { message: 'connect ETIMEDOUT 3.209.155.10:443',
  name: 'Error',
  description: undefined,
  number: undefined,
  fileName: undefined,
  lineNumber: undefined,
  columnNumber: undefined,
  stack:
   'Error: connect ETIMEDOUT 3.209.155.10:443\n    at TCPConnectWrap.afterConnect [as oncomplete] (net.js:1107:14)',
  config:
   { transitional:
      { silentJSONParsing: true,
        forcedJSONParsing: true,
        clarifyTimeoutError: false },
     adapter: [Function: httpAdapter],
     transformRequest: [ [Function: transformRequest] ],
     transformResponse: [ [Function: transformResponse] ],
     timeout: 60000,
     xsrfCookieName: 'XSRF-TOKEN',
     xsrfHeaderName: 'X-XSRF-TOKEN',
     maxContentLength: -1,
     maxBodyLength: -1,
     env: { FormData: [Function] },
     validateStatus: [Function: validateStatus],
     headers:
      { Accept: 'application/json, text/plain, */*',
        'Content-Type': 'application/json',
        Authorization: 'Basic OjMwYTY0NmE1LTZjMTQtNDFkZi05YThlLTcxYmJkMzgxY2NmNg==',
        'User-Agent': 'axios/0.27.2',
        'Content-Length': 199 },
     method: 'post',
     url: 'https://testops.katalon.io/api/v1/agent',
     params: {},
     data:
      '{"uuid":"1705980737362-88050189-da2f-419f-a814-b15282260fde","name":"My Agent","organizationId":"1378380","hostname":"DESKTOP-SQ56SGT","ip":"192.168.55.147","os":"Windows 64","agentVersion":"v2.0.1"}',
     proxy: null,
     httpsAgent:
      Agent {
        _events: [Object],
        _eventsCount: 1,
        _maxListeners: undefined,
        defaultPort: 443,
        protocol: 'https:',
        options: [Object],
        requests: {},
        sockets: [Object],
        freeSockets: {},
        keepAliveMsecs: 1000,
        keepAlive: true,
        maxSockets: Infinity,
        maxFreeSockets: 256,
        maxCachedSessions: 100,
        _sessionCache: [Object] } },
  code: 'ETIMEDOUT',
  status: null }
[2024-01-23T10:52:44.493] [INFO] katalon - get https://testops.katalon.io/api/v1/jobs/get-job 200.
[2024-01-23T10:52:44.805] [INFO] katalon - post https://testops.katalon.io/api/v1/agent 200.
[2024-01-23T10:54:03.848] [ERROR] katalon - { message: 'connect ETIMEDOUT 34.235.42.225:443',
  name: 'Error',
  description: undefined,
  number: undefined,
  fileName: undefined,
  lineNumber: undefined,
  columnNumber: undefined,
  stack:
   'Error: connect ETIMEDOUT 34.235.42.225:443\n    at TCPConnectWrap.afterConnect [as oncomplete] (net.js:1107:14)',
  config:
   { transitional:
      { silentJSONParsing: true,
        forcedJSONParsing: true,
        clarifyTimeoutError: false },
     adapter: [Function: httpAdapter],
     transformRequest: [ [Function: transformRequest] ],
     transformResponse: [ [Function: transformResponse] ],
     timeout: 60000,
     xsrfCookieName: 'XSRF-TOKEN',
     xsrfHeaderName: 'X-XSRF-TOKEN',
     maxContentLength: -1,
     maxBodyLength: -1,
     env: { FormData: [Function] },
     validateStatus: [Function: validateStatus],
     headers:
      { Accept: 'application/json, text/plain, */*',
        'Content-Type': 'application/json',
        Authorization: 'Basic OjMwYTY0NmE1LTZjMTQtNDFkZi05YThlLTcxYmJkMzgxY2NmNg==',
        'User-Agent': 'axios/0.27.2',
        'Content-Length': 199 },
     method: 'post',
     url: 'https://testops.katalon.io/api/v1/agent',
     params: {},
     data:
      '{"uuid":"1705980737362-88050189-da2f-419f-a814-b15282260fde","name":"My Agent","organizationId":"1378380","hostname":"DESKTOP-SQ56SGT","ip":"192.168.55.147","os":"Windows 64","agentVersion":"v2.0.1"}',
     proxy: null,
     httpsAgent:
      Agent {
        _events: [Object],
        _eventsCount: 1,
        _maxListeners: undefined,
        defaultPort: 443,
        protocol: 'https:',
        options: [Object],
        requests: {},
        sockets: [Object],
        freeSockets: {},
        keepAliveMsecs: 1000,
        keepAlive: true,
        maxSockets: Infinity,
        maxFreeSockets: 256,
        maxCachedSessions: 100,
        _sessionCache: [Object] } },
  code: 'ETIMEDOUT',
  status: null }
[2024-01-23T10:54:03.856] [ERROR] katalon - Cannot send agent info to server: { message: 'connect ETIMEDOUT 34.235.42.225:443',
  name: 'Error',
  description: undefined,
  number: undefined,
  fileName: undefined,
  lineNumber: undefined,
  columnNumber: undefined,
  stack:
   'Error: connect ETIMEDOUT 34.235.42.225:443\n    at TCPConnectWrap.afterConnect [as oncomplete] (net.js:1107:14)',
  config:
   { transitional:
      { silentJSONParsing: true,
        forcedJSONParsing: true,
        clarifyTimeoutError: false },
     adapter: [Function: httpAdapter],
     transformRequest: [ [Function: transformRequest] ],
     transformResponse: [ [Function: transformResponse] ],
     timeout: 60000,
     xsrfCookieName: 'XSRF-TOKEN',
     xsrfHeaderName: 'X-XSRF-TOKEN',
     maxContentLength: -1,
     maxBodyLength: -1,
     env: { FormData: [Function] },
     validateStatus: [Function: validateStatus],
     headers:
      { Accept: 'application/json, text/plain, */*',
        'Content-Type': 'application/json',
        Authorization: 'Basic OjMwYTY0NmE1LTZjMTQtNDFkZi05YThlLTcxYmJkMzgxY2NmNg==',
        'User-Agent': 'axios/0.27.2',
        'Content-Length': 199 },
     method: 'post',
     url: 'https://testops.katalon.io/api/v1/agent',
     params: {},
     data:
      '{"uuid":"1705980737362-88050189-da2f-419f-a814-b15282260fde","name":"My Agent","organizationId":"1378380","hostname":"DESKTOP-SQ56SGT","ip":"192.168.55.147","os":"Windows 64","agentVersion":"v2.0.1"}',
     proxy: null,
     httpsAgent:
      Agent {
        _events: [Object],
        _eventsCount: 1,
        _maxListeners: undefined,
        defaultPort: 443,
        protocol: 'https:',
        options: [Object],
        requests: {},
        sockets: [Object],
        freeSockets: {},
        keepAliveMsecs: 1000,
        keepAlive: true,
        maxSockets: Infinity,
        maxFreeSockets: 256,
        maxCachedSessions: 100,
        _sessionCache: [Object] } },
  code: 'ETIMEDOUT',
  status: null }
[2024-01-23T10:54:03.871] [ERROR] katalon - { message: 'connect ETIMEDOUT 34.235.42.225:443',
  name: 'Error',
  description: undefined,
  number: undefined,
  fileName: undefined,
  lineNumber: undefined,
  columnNumber: undefined,
  stack:
   'Error: connect ETIMEDOUT 34.235.42.225:443\n    at TCPConnectWrap.afterConnect [as oncomplete] (net.js:1107:14)',
  config:
   { transitional:
      { silentJSONParsing: true,
        forcedJSONParsing: true,
        clarifyTimeoutError: false },
     adapter: [Function: httpAdapter],
     transformRequest: [ [Function: transformRequest] ],
     transformResponse: [ [Function: transformResponse] ],
     timeout: 60000,
     xsrfCookieName: 'XSRF-TOKEN',
     xsrfHeaderName: 'X-XSRF-TOKEN',
     maxContentLength: -1,
     maxBodyLength: -1,
     env: { FormData: [Function] },
     validateStatus: [Function: validateStatus],
     headers:
      { Accept: 'application/json, text/plain, */*',
        Authorization: 'Basic OjMwYTY0NmE1LTZjMTQtNDFkZi05YThlLTcxYmJkMzgxY2NmNg==',
        'User-Agent': 'axios/0.27.2' },
     method: 'get',
     url: 'https://testops.katalon.io/api/v1/jobs/get-job',
     params:
      { uuid: '1705980737362-88050189-da2f-419f-a814-b15282260fde',
        organizationId: '1378380' },
     data: null,
     proxy: null,
     httpsAgent:
      Agent {
        _events: [Object],
        _eventsCount: 1,
        _maxListeners: undefined,
        defaultPort: 443,
        protocol: 'https:',
        options: [Object],
        requests: {},
        sockets: [Object],
        freeSockets: {},
        keepAliveMsecs: 1000,
        keepAlive: true,
        maxSockets: Infinity,
        maxFreeSockets: 256,
        maxCachedSessions: 100,
        _sessionCache: [Object] } },
  code: 'ETIMEDOUT',
  status: null }
[2024-01-23T10:54:03.881] [ERROR] katalon - { message: 'connect ETIMEDOUT 34.235.42.225:443',
  name: 'Error',
  description: undefined,
  number: undefined,
  fileName: undefined,
  lineNumber: undefined,
  columnNumber: undefined,
  stack:
   'Error: connect ETIMEDOUT 34.235.42.225:443\n    at TCPConnectWrap.afterConnect [as oncomplete] (net.js:1107:14)',
  config:
   { transitional:
      { silentJSONParsing: true,
        forcedJSONParsing: true,
        clarifyTimeoutError: false },
     adapter: [Function: httpAdapter],
     transformRequest: [ [Function: transformRequest] ],
     transformResponse: [ [Function: transformResponse] ],
     timeout: 60000,
     xsrfCookieName: 'XSRF-TOKEN',
     xsrfHeaderName: 'X-XSRF-TOKEN',
     maxContentLength: -1,
     maxBodyLength: -1,
     env: { FormData: [Function] },
     validateStatus: [Function: validateStatus],
     headers:
      { Accept: 'application/json, text/plain, */*',
        Authorization: 'Basic OjMwYTY0NmE1LTZjMTQtNDFkZi05YThlLTcxYmJkMzgxY2NmNg==',
        'User-Agent': 'axios/0.27.2' },
     method: 'get',
     url: 'https://testops.katalon.io/api/v1/jobs/get-job',
     params:
      { uuid: '1705980737362-88050189-da2f-419f-a814-b15282260fde',
        organizationId: '1378380' },
     data: null,
     proxy: null,
     httpsAgent:
      Agent {
        _events: [Object],
        _eventsCount: 1,
        _maxListeners: undefined,
        defaultPort: 443,
        protocol: 'https:',
        options: [Object],
        requests: {},
        sockets: [Object],
        freeSockets: {},
        keepAliveMsecs: 1000,
        keepAlive: true,
        maxSockets: Infinity,
        maxFreeSockets: 256,
        maxCachedSessions: 100,
        _sessionCache: [Object] } },
  code: 'ETIMEDOUT',
  status: null }
[2024-01-23T10:54:43.985] [INFO] katalon - get https://testops.katalon.io/api/v1/jobs/get-job 200.
[2024-01-23T10:54:44.034] [INFO] katalon - post https://testops.katalon.io/api/v1/agent 200.
[2024-01-23T10:55:44.004] [INFO] katalon - get https://testops.katalon.io/api/v1/jobs/get-job 200.
[2024-01-23T10:55:44.037] [INFO] katalon - post https://testops.katalon.io/api/v1/agent 200.
[2024-01-23T10:56:43.985] [INFO] katalon - post https://testops.katalon.io/api/v1/agent 200.
[2024-01-23T10:56:43.996] [INFO] katalon - get https://testops.katalon.io/api/v1/jobs/get-job 200.
[2024-01-23T10:57:45.174] [INFO] katalon - post https://testops.katalon.io/api/v1/agent 200.
[2024-01-23T10:57:45.626] [INFO] katalon - get https://testops.katalon.io/api/v1/jobs/get-job 200.
[2024-01-23T10:57:49.769] [INFO] katalon - post https://testops.katalon.io/api/v1/jobs/update-job 200.
[2024-01-23T10:57:49.774] [INFO] katalon - Download test project to temp directory: C:\Users\0767\Katalon Studio\ProjectIGLO\tmp\2024.01.23-10.57--7320-5ylx4OkH7F7i-3349447
[2024-01-23T10:57:49.780] [INFO] katalon - Uploading job execution log...
[2024-01-23T10:58:10.809] [ERROR] katalon - { message: 'connect ETIMEDOUT 3.209.155.10:443',
  name: 'Error',
  description: undefined,
  number: undefined,
  fileName: undefined,
  lineNumber: undefined,
  columnNumber: undefined,
  stack:
   'Error: connect ETIMEDOUT 3.209.155.10:443\n    at TCPConnectWrap.afterConnect [as oncomplete] (net.js:1107:14)',
  config:
   { transitional:
      { silentJSONParsing: true,
        forcedJSONParsing: true,
        clarifyTimeoutError: false },
     adapter: [Function: httpAdapter],
     transformRequest: [ [Function: transformRequest] ],
     transformResponse: [ [Function: transformResponse] ],
     timeout: 60000,
     xsrfCookieName: 'XSRF-TOKEN',
     xsrfHeaderName: 'X-XSRF-TOKEN',
     maxContentLength: -1,
     maxBodyLength: -1,
     env: { FormData: [Function] },
     validateStatus: [Function: validateStatus],
     headers:
      { Accept: 'application/json, text/plain, */*',
        Authorization: 'Basic OjRkNDQxMDVhLTZmOGItNGRlNS05OGM4LWNlMzM2NzkxYjI1MQ==',
        'User-Agent': 'axios/0.27.2' },
     method: 'get',
     url: 'https://testops.katalon.io/api/v1/files/upload-url',
     params: { projectId: 1350532 },
     data: null,
     proxy: null,
     httpsAgent:
      Agent {
        _events: [Object],
        _eventsCount: 1,
        _maxListeners: undefined,
        defaultPort: 443,
        protocol: 'https:',
        options: [Object],
        requests: {},
        sockets: [Object],
        freeSockets: {},
        keepAliveMsecs: 1000,
        keepAlive: true,
        maxSockets: Infinity,
        maxFreeSockets: 256,
        maxCachedSessions: 100,
        _sessionCache: [Object] } },
  code: 'ETIMEDOUT',
  status: null }
[2024-01-23T10:58:10.816] [ERROR] katalon - executeJob: { message: 'connect ETIMEDOUT 3.209.155.10:443',
  name: 'Error',
  description: undefined,
  number: undefined,
  fileName: undefined,
  lineNumber: undefined,
  columnNumber: undefined,
  stack:
   'Error: connect ETIMEDOUT 3.209.155.10:443\n    at TCPConnectWrap.afterConnect [as oncomplete] (net.js:1107:14)',
  config:
   { transitional:
      { silentJSONParsing: true,
        forcedJSONParsing: true,
        clarifyTimeoutError: false },
     adapter: [Function: httpAdapter],
     transformRequest: [ [Function: transformRequest] ],
     transformResponse: [ [Function: transformResponse] ],
     timeout: 60000,
     xsrfCookieName: 'XSRF-TOKEN',
     xsrfHeaderName: 'X-XSRF-TOKEN',
     maxContentLength: -1,
     maxBodyLength: -1,
     env: { FormData: [Function] },
     validateStatus: [Function: validateStatus],
     headers:
      { Accept: 'application/json, text/plain, */*',
        Authorization: 'Basic OjRkNDQxMDVhLTZmOGItNGRlNS05OGM4LWNlMzM2NzkxYjI1MQ==',
        'User-Agent': 'axios/0.27.2' },
     method: 'get',
     url: 'https://testops.katalon.io/api/v1/files/upload-url',
     params: { projectId: 1350532 },
     data: null,
     proxy: null,
     httpsAgent:
      Agent {
        _events: [Object],
        _eventsCount: 1,
        _maxListeners: undefined,
        defaultPort: 443,
        protocol: 'https:',
        options: [Object],
        requests: {},
        sockets: [Object],
        freeSockets: {},
        keepAliveMsecs: 1000,
        keepAlive: true,
        maxSockets: Infinity,
        maxFreeSockets: 256,
        maxCachedSessions: 100,
        _sessionCache: [Object] } },
  code: 'ETIMEDOUT',
  status: null }
[2024-01-23T10:58:10.828] [INFO] katalon - Uploading job execution log...
[2024-01-23T10:58:31.876] [ERROR] katalon - { message: 'connect ETIMEDOUT 3.209.155.10:443',
  name: 'Error',
  description: undefined,
  number: undefined,
  fileName: undefined,
  lineNumber: undefined,
  columnNumber: undefined,
  stack:
   'Error: connect ETIMEDOUT 3.209.155.10:443\n    at TCPConnectWrap.afterConnect [as oncomplete] (net.js:1107:14)',
  config:
   { transitional:
      { silentJSONParsing: true,
        forcedJSONParsing: true,
        clarifyTimeoutError: false },
     adapter: [Function: httpAdapter],
     transformRequest: [ [Function: transformRequest] ],
     transformResponse: [ [Function: transformResponse] ],
     timeout: 60000,
     xsrfCookieName: 'XSRF-TOKEN',
     xsrfHeaderName: 'X-XSRF-TOKEN',
     maxContentLength: -1,
     maxBodyLength: -1,
     env: { FormData: [Function] },
     validateStatus: [Function: validateStatus],
     headers:
      { Accept: 'application/json, text/plain, */*',
        Authorization: 'Basic OjRkNDQxMDVhLTZmOGItNGRlNS05OGM4LWNlMzM2NzkxYjI1MQ==',
        'User-Agent': 'axios/0.27.2' },
     method: 'get',
     url: 'https://testops.katalon.io/api/v1/files/upload-url',
     params: { projectId: 1350532 },
     data: null,
     proxy: null,
     httpsAgent:
      Agent {
        _events: [Object],
        _eventsCount: 1,
        _maxListeners: undefined,
        defaultPort: 443,
        protocol: 'https:',
        options: [Object],
        requests: {},
        sockets: [Object],
        freeSockets: {},
        keepAliveMsecs: 1000,
        keepAlive: true,
        maxSockets: Infinity,
        maxFreeSockets: 256,
        maxCachedSessions: 100,
        _sessionCache: [Object] } },
  code: 'ETIMEDOUT',
  status: null }
[2024-01-23T10:58:31.886] [INFO] katalon - Job execution log uploaded.
[2024-01-23T10:58:31.934] [ERROR] katalon - { Error: ENOTEMPTY: directory not empty, rmdir 'C:\Users\0767\Katalon Studio\ProjectIGLO\tmp\2024.01.23-10.57--7320-5ylx4OkH7F7i-3349447'
    at Object.rmdirSync (fs.js:684:3)
    at rmkidsSync (D:\snapshot\katalon-agent\node_modules\tmp\node_modules\rimraf\rimraf.js:349:27)
    at rmdirSync (D:\snapshot\katalon-agent\node_modules\tmp\node_modules\rimraf\rimraf.js:329:7)
    at rimrafSync (D:\snapshot\katalon-agent\node_modules\tmp\node_modules\rimraf\rimraf.js:301:9)
    at Object._cleanupCallback [as removeCallback] (D:\snapshot\katalon-agent\node_modules\tmp\lib\tmp.js:356:16)
    at executeJob (D:\snapshot\katalon-agent\src\service\agent.js:0:0)
    at process._tickCallback (internal/process/next_tick.js:68:7)
  errno: -4051,
  syscall: 'rmdir',
  code: 'ENOTEMPTY',
  path:
   'C:\\Users\\0767\\Katalon Studio\\ProjectIGLO\\tmp\\2024.01.23-10.57--7320-5ylx4OkH7F7i-3349447' }
[2024-01-23T10:58:40.844] [ERROR] katalon - { message: 'connect ETIMEDOUT 3.209.155.10:443',
  name: 'Error',
  description: undefined,
  number: undefined,
  fileName: undefined,
  lineNumber: undefined,
  columnNumber: undefined,
  stack:
   'Error: connect ETIMEDOUT 3.209.155.10:443\n    at TCPConnectWrap.afterConnect [as oncomplete] (net.js:1107:14)',
  config:
   { transitional:
      { silentJSONParsing: true,
        forcedJSONParsing: true,
        clarifyTimeoutError: false },
     adapter: [Function: httpAdapter],
     transformRequest: [ [Function: transformRequest] ],
     transformResponse: [ [Function: transformResponse] ],
     timeout: 60000,
     xsrfCookieName: 'XSRF-TOKEN',
     xsrfHeaderName: 'X-XSRF-TOKEN',
     maxContentLength: -1,
     maxBodyLength: -1,
     env: { FormData: [Function] },
     validateStatus: [Function: validateStatus],
     headers:
      { Accept: 'application/json, text/plain, */*',
        'Content-Type': 'application/x-www-form-urlencoded',
        Authorization: 'Basic OjRkNDQxMDVhLTZmOGItNGRlNS05OGM4LWNlMzM2NzkxYjI1MQ==',
        'User-Agent': 'axios/0.27.2' },
     method: 'patch',
     url: 'https://testops.katalon.io/api/v1/jobs/3349447',
     params: {},
     data: null,
     proxy: null,
     httpsAgent:
      Agent {
        _events: [Object],
        _eventsCount: 1,
        _maxListeners: undefined,
        defaultPort: 443,
        protocol: 'https:',
        options: [Object],
        requests: {},
        sockets: [Object],
        freeSockets: {},
        keepAliveMsecs: 1000,
        keepAlive: true,
        maxSockets: Infinity,
        maxFreeSockets: 256,
        maxCachedSessions: 100,
        _sessionCache: [Object] } },
  code: 'ETIMEDOUT',
  status: null }
[2024-01-23T10:58:40.852] [WARN] katalon - Unable to synchronize job: 3349447 { message: 'connect ETIMEDOUT 3.209.155.10:443',
  name: 'Error',
  description: undefined,
  number: undefined,
  fileName: undefined,
  lineNumber: undefined,
  columnNumber: undefined,
  stack:
   'Error: connect ETIMEDOUT 3.209.155.10:443\n    at TCPConnectWrap.afterConnect [as oncomplete] (net.js:1107:14)',
  config:
   { transitional:
      { silentJSONParsing: true,
        forcedJSONParsing: true,
        clarifyTimeoutError: false },
     adapter: [Function: httpAdapter],
     transformRequest: [ [Function: transformRequest] ],
     transformResponse: [ [Function: transformResponse] ],
     timeout: 60000,
     xsrfCookieName: 'XSRF-TOKEN',
     xsrfHeaderName: 'X-XSRF-TOKEN',
     maxContentLength: -1,
     maxBodyLength: -1,
     env: { FormData: [Function] },
     validateStatus: [Function: validateStatus],
     headers:
      { Accept: 'application/json, text/plain, */*',
        'Content-Type': 'application/x-www-form-urlencoded',
        Authorization: 'Basic OjRkNDQxMDVhLTZmOGItNGRlNS05OGM4LWNlMzM2NzkxYjI1MQ==',
        'User-Agent': 'axios/0.27.2' },
     method: 'patch',
     url: 'https://testops.katalon.io/api/v1/jobs/3349447',
     params: {},
     data: null,
     proxy: null,
     httpsAgent:
      Agent {
        _events: [Object],
        _eventsCount: 1,
        _maxListeners: undefined,
        defaultPort: 443,
        protocol: 'https:',
        options: [Object],
        requests: {},
        sockets: [Object],
        freeSockets: {},
        keepAliveMsecs: 1000,
        keepAlive: true,
        maxSockets: Infinity,
        maxFreeSockets: 256,
        maxCachedSessions: 100,
        _sessionCache: [Object] } },
  code: 'ETIMEDOUT',
  status: null }
[2024-01-23T10:58:44.357] [INFO] katalon - post https://testops.katalon.io/api/v1/agent 200.
[2024-01-23T10:58:44.359] [INFO] katalon - get https://testops.katalon.io/api/v1/jobs/get-job 200.
[2024-01-23T10:59:50.957] [INFO] katalon - get https://testops.katalon.io/api/v1/jobs/get-job 200.
[2024-01-23T10:59:50.962] [INFO] katalon - post https://testops.katalon.io/api/v1/agent 200.
[2024-01-23T11:00:46.940] [INFO] katalon - post https://testops.katalon.io/api/v1/agent 200.
[2024-01-23T11:00:53.005] [INFO] katalon - get https://testops.katalon.io/api/v1/jobs/get-job 200.
[2024-01-23T11:02:17.092] [INFO] katalon - post https://testops.katalon.io/api/v1/agent 200.
[2024-01-23T11:02:18.092] [INFO] katalon - get https://testops.katalon.io/api/v1/jobs/get-job 200.
[2024-01-23T11:03:17.029] [INFO] katalon - get https://testops.katalon.io/api/v1/jobs/get-job 200.
[2024-01-23T11:03:17.074] [INFO] katalon - post https://testops.katalon.io/api/v1/agent 200.
[2024-01-23T11:04:37.282] [ERROR] katalon - { message: 'connect ETIMEDOUT 34.235.42.225:443',
  name: 'Error',
  description: undefined,
  number: undefined,
  fileName: undefined,
  lineNumber: undefined,
  columnNumber: undefined,
  stack:
   'Error: connect ETIMEDOUT 34.235.42.225:443\n    at TCPConnectWrap.afterConnect [as oncomplete] (net.js:1107:14)',
  config:
   { transitional:
      { silentJSONParsing: true,
        forcedJSONParsing: true,
        clarifyTimeoutError: false },
     adapter: [Function: httpAdapter],
     transformRequest: [ [Function: transformRequest] ],
     transformResponse: [ [Function: transformResponse] ],
     timeout: 60000,
     xsrfCookieName: 'XSRF-TOKEN',
     xsrfHeaderName: 'X-XSRF-TOKEN',
     maxContentLength: -1,
     maxBodyLength: -1,
     env: { FormData: [Function] },
     validateStatus: [Function: validateStatus],
     headers:
      { Accept: 'application/json, text/plain, */*',
        'Content-Type': 'application/json',
        Authorization: 'Basic OjMwYTY0NmE1LTZjMTQtNDFkZi05YThlLTcxYmJkMzgxY2NmNg==',
        'User-Agent': 'axios/0.27.2',
        'Content-Length': 199 },
     method: 'post',
     url: 'https://testops.katalon.io/api/v1/agent',
     params: {},
     data:
      '{"uuid":"1705980737362-88050189-da2f-419f-a814-b15282260fde","name":"My Agent","organizationId":"1378380","hostname":"DESKTOP-SQ56SGT","ip":"192.168.55.147","os":"Windows 64","agentVersion":"v2.0.1"}',
     proxy: null,
     httpsAgent:
      Agent {
        _events: [Object],
        _eventsCount: 1,
        _maxListeners: undefined,
        defaultPort: 443,
        protocol: 'https:',
        options: [Object],
        requests: {},
        sockets: [Object],
        freeSockets: {},
        keepAliveMsecs: 1000,
        keepAlive: true,
        maxSockets: Infinity,
        maxFreeSockets: 256,
        maxCachedSessions: 100,
        _sessionCache: [Object] } },
  code: 'ETIMEDOUT',
  status: null }
[2024-01-23T11:04:37.292] [ERROR] katalon - Cannot send agent info to server: { message: 'connect ETIMEDOUT 34.235.42.225:443',
  name: 'Error',
  description: undefined,
  number: undefined,
  fileName: undefined,
  lineNumber: undefined,
  columnNumber: undefined,
  stack:
   'Error: connect ETIMEDOUT 34.235.42.225:443\n    at TCPConnectWrap.afterConnect [as oncomplete] (net.js:1107:14)',
  config:
   { transitional:
      { silentJSONParsing: true,
        forcedJSONParsing: true,
        clarifyTimeoutError: false },
     adapter: [Function: httpAdapter],
     transformRequest: [ [Function: transformRequest] ],
     transformResponse: [ [Function: transformResponse] ],
     timeout: 60000,
     xsrfCookieName: 'XSRF-TOKEN',
     xsrfHeaderName: 'X-XSRF-TOKEN',
     maxContentLength: -1,
     maxBodyLength: -1,
     env: { FormData: [Function] },
     validateStatus: [Function: validateStatus],
     headers:
      { Accept: 'application/json, text/plain, */*',
        'Content-Type': 'application/json',
        Authorization: 'Basic OjMwYTY0NmE1LTZjMTQtNDFkZi05YThlLTcxYmJkMzgxY2NmNg==',
        'User-Agent': 'axios/0.27.2',
        'Content-Length': 199 },
     method: 'post',
     url: 'https://testops.katalon.io/api/v1/agent',
     params: {},
     data:
      '{"uuid":"1705980737362-88050189-da2f-419f-a814-b15282260fde","name":"My Agent","organizationId":"1378380","hostname":"DESKTOP-SQ56SGT","ip":"192.168.55.147","os":"Windows 64","agentVersion":"v2.0.1"}',
     proxy: null,
     httpsAgent:
      Agent {
        _events: [Object],
        _eventsCount: 1,
        _maxListeners: undefined,
        defaultPort: 443,
        protocol: 'https:',
        options: [Object],
        requests: {},
        sockets: [Object],
        freeSockets: {},
        keepAliveMsecs: 1000,
        keepAlive: true,
        maxSockets: Infinity,
        maxFreeSockets: 256,
        maxCachedSessions: 100,
        _sessionCache: [Object] } },
  code: 'ETIMEDOUT',
  status: null }
[2024-01-23T11:04:37.306] [ERROR] katalon - { message: 'connect ETIMEDOUT 34.235.42.225:443',
  name: 'Error',
  description: undefined,
  number: undefined,
  fileName: undefined,
  lineNumber: undefined,
  columnNumber: undefined,
  stack:
   'Error: connect ETIMEDOUT 34.235.42.225:443\n    at TCPConnectWrap.afterConnect [as oncomplete] (net.js:1107:14)',
  config:
   { transitional:
      { silentJSONParsing: true,
        forcedJSONParsing: true,
        clarifyTimeoutError: false },
     adapter: [Function: httpAdapter],
     transformRequest: [ [Function: transformRequest] ],
     transformResponse: [ [Function: transformResponse] ],
     timeout: 60000,
     xsrfCookieName: 'XSRF-TOKEN',
     xsrfHeaderName: 'X-XSRF-TOKEN',
     maxContentLength: -1,
     maxBodyLength: -1,
     env: { FormData: [Function] },
     validateStatus: [Function: validateStatus],
     headers:
      { Accept: 'application/json, text/plain, */*',
        Authorization: 'Basic OjMwYTY0NmE1LTZjMTQtNDFkZi05YThlLTcxYmJkMzgxY2NmNg==',
        'User-Agent': 'axios/0.27.2' },
     method: 'get',
     url: 'https://testops.katalon.io/api/v1/jobs/get-job',
     params:
      { uuid: '1705980737362-88050189-da2f-419f-a814-b15282260fde',
        organizationId: '1378380' },
     data: null,
     proxy: null,
     httpsAgent:
      Agent {
        _events: [Object],
        _eventsCount: 1,
        _maxListeners: undefined,
        defaultPort: 443,
        protocol: 'https:',
        options: [Object],
        requests: {},
        sockets: [Object],
        freeSockets: {},
        keepAliveMsecs: 1000,
        keepAlive: true,
        maxSockets: Infinity,
        maxFreeSockets: 256,
        maxCachedSessions: 100,
        _sessionCache: [Object] } },
  code: 'ETIMEDOUT',
  status: null }
[2024-01-23T11:04:37.313] [ERROR] katalon - { message: 'connect ETIMEDOUT 34.235.42.225:443',
  name: 'Error',
  description: undefined,
  number: undefined,
  fileName: undefined,
  lineNumber: undefined,
  columnNumber: undefined,
  stack:
   'Error: connect ETIMEDOUT 34.235.42.225:443\n    at TCPConnectWrap.afterConnect [as oncomplete] (net.js:1107:14)',
  config:
   { transitional:
      { silentJSONParsing: true,
        forcedJSONParsing: true,
        clarifyTimeoutError: false },
     adapter: [Function: httpAdapter],
     transformRequest: [ [Function: transformRequest] ],
     transformResponse: [ [Function: transformResponse] ],
     timeout: 60000,
     xsrfCookieName: 'XSRF-TOKEN',
     xsrfHeaderName: 'X-XSRF-TOKEN',
     maxContentLength: -1,
     maxBodyLength: -1,
     env: { FormData: [Function] },
     validateStatus: [Function: validateStatus],
     headers:
      { Accept: 'application/json, text/plain, */*',
        Authorization: 'Basic OjMwYTY0NmE1LTZjMTQtNDFkZi05YThlLTcxYmJkMzgxY2NmNg==',
        'User-Agent': 'axios/0.27.2' },
     method: 'get',
     url: 'https://testops.katalon.io/api/v1/jobs/get-job',
     params:
      { uuid: '1705980737362-88050189-da2f-419f-a814-b15282260fde',
        organizationId: '1378380' },
     data: null,
     proxy: null,
     httpsAgent:
      Agent {
        _events: [Object],
        _eventsCount: 1,
        _maxListeners: undefined,
        defaultPort: 443,
        protocol: 'https:',
        options: [Object],
        requests: {},
        sockets: [Object],
        freeSockets: {},
        keepAliveMsecs: 1000,
        keepAlive: true,
        maxSockets: Infinity,
        maxFreeSockets: 256,
        maxCachedSessions: 100,
        _sessionCache: [Object] } },
  code: 'ETIMEDOUT',
  status: null }
[2024-01-23T11:05:18.062] [INFO] katalon - get https://testops.katalon.io/api/v1/jobs/get-job 200.
[2024-01-23T11:05:18.094] [INFO] katalon - post https://testops.katalon.io/api/v1/agent 200.
[2024-01-23T11:06:37.416] [ERROR] katalon - { message: 'connect ETIMEDOUT 3.209.155.10:443',
  name: 'Error',
  description: undefined,
  number: undefined,
  fileName: undefined,
  lineNumber: undefined,
  columnNumber: undefined,
  stack:
   'Error: connect ETIMEDOUT 3.209.155.10:443\n    at TCPConnectWrap.afterConnect [as oncomplete] (net.js:1107:14)',
  config:
   { transitional:
      { silentJSONParsing: true,
        forcedJSONParsing: true,
        clarifyTimeoutError: false },
     adapter: [Function: httpAdapter],
     transformRequest: [ [Function: transformRequest] ],
     transformResponse: [ [Function: transformResponse] ],
     timeout: 60000,
     xsrfCookieName: 'XSRF-TOKEN',
     xsrfHeaderName: 'X-XSRF-TOKEN',
     maxContentLength: -1,
     maxBodyLength: -1,
     env: { FormData: [Function] },
     validateStatus: [Function: validateStatus],
     headers:
      { Accept: 'application/json, text/plain, */*',
        Authorization: 'Basic OjMwYTY0NmE1LTZjMTQtNDFkZi05YThlLTcxYmJkMzgxY2NmNg==',
        'User-Agent': 'axios/0.27.2' },
     method: 'get',
     url: 'https://testops.katalon.io/api/v1/jobs/get-job',
     params:
      { uuid: '1705980737362-88050189-da2f-419f-a814-b15282260fde',
        organizationId: '1378380' },
     data: null,
     proxy: null,
     httpsAgent:
      Agent {
        _events: [Object],
        _eventsCount: 1,
        _maxListeners: undefined,
        defaultPort: 443,
        protocol: 'https:',
        options: [Object],
        requests: {},
        sockets: [Object],
        freeSockets: {},
        keepAliveMsecs: 1000,
        keepAlive: true,
        maxSockets: Infinity,
        maxFreeSockets: 256,
        maxCachedSessions: 100,
        _sessionCache: [Object] } },
  code: 'ETIMEDOUT',
  status: null }
[2024-01-23T11:06:37.421] [ERROR] katalon - { message: 'connect ETIMEDOUT 3.209.155.10:443',
  name: 'Error',
  description: undefined,
  number: undefined,
  fileName: undefined,
  lineNumber: undefined,
  columnNumber: undefined,
  stack:
   'Error: connect ETIMEDOUT 3.209.155.10:443\n    at TCPConnectWrap.afterConnect [as oncomplete] (net.js:1107:14)',
  config:
   { transitional:
      { silentJSONParsing: true,
        forcedJSONParsing: true,
        clarifyTimeoutError: false },
     adapter: [Function: httpAdapter],
     transformRequest: [ [Function: transformRequest] ],
     transformResponse: [ [Function: transformResponse] ],
     timeout: 60000,
     xsrfCookieName: 'XSRF-TOKEN',
     xsrfHeaderName: 'X-XSRF-TOKEN',
     maxContentLength: -1,
     maxBodyLength: -1,
     env: { FormData: [Function] },
     validateStatus: [Function: validateStatus],
     headers:
      { Accept: 'application/json, text/plain, */*',
        Authorization: 'Basic OjMwYTY0NmE1LTZjMTQtNDFkZi05YThlLTcxYmJkMzgxY2NmNg==',
        'User-Agent': 'axios/0.27.2' },
     method: 'get',
     url: 'https://testops.katalon.io/api/v1/jobs/get-job',
     params:
      { uuid: '1705980737362-88050189-da2f-419f-a814-b15282260fde',
        organizationId: '1378380' },
     data: null,
     proxy: null,
     httpsAgent:
      Agent {
        _events: [Object],
        _eventsCount: 1,
        _maxListeners: undefined,
        defaultPort: 443,
        protocol: 'https:',
        options: [Object],
        requests: {},
        sockets: [Object],
        freeSockets: {},
        keepAliveMsecs: 1000,
        keepAlive: true,
        maxSockets: Infinity,
        maxFreeSockets: 256,
        maxCachedSessions: 100,
        _sessionCache: [Object] } },
  code: 'ETIMEDOUT',
  status: null }
[2024-01-23T11:06:37.424] [ERROR] katalon - { message: 'connect ETIMEDOUT 3.209.155.10:443',
  name: 'Error',
  description: undefined,
  number: undefined,
  fileName: undefined,
  lineNumber: undefined,
  columnNumber: undefined,
  stack:
   'Error: connect ETIMEDOUT 3.209.155.10:443\n    at TCPConnectWrap.afterConnect [as oncomplete] (net.js:1107:14)',
  config:
   { transitional:
      { silentJSONParsing: true,
        forcedJSONParsing: true,
        clarifyTimeoutError: false },
     adapter: [Function: httpAdapter],
     transformRequest: [ [Function: transformRequest] ],
     transformResponse: [ [Function: transformResponse] ],
     timeout: 60000,
     xsrfCookieName: 'XSRF-TOKEN',
     xsrfHeaderName: 'X-XSRF-TOKEN',
     maxContentLength: -1,
     maxBodyLength: -1,
     env: { FormData: [Function] },
     validateStatus: [Function: validateStatus],
     headers:
      { Accept: 'application/json, text/plain, */*',
        'Content-Type': 'application/json',
        Authorization: 'Basic OjMwYTY0NmE1LTZjMTQtNDFkZi05YThlLTcxYmJkMzgxY2NmNg==',
        'User-Agent': 'axios/0.27.2',
        'Content-Length': 199 },
     method: 'post',
     url: 'https://testops.katalon.io/api/v1/agent',
     params: {},
     data:
      '{"uuid":"1705980737362-88050189-da2f-419f-a814-b15282260fde","name":"My Agent","organizationId":"1378380","hostname":"DESKTOP-SQ56SGT","ip":"192.168.55.147","os":"Windows 64","agentVersion":"v2.0.1"}',
     proxy: null,
     httpsAgent:
      Agent {
        _events: [Object],
        _eventsCount: 1,
        _maxListeners: undefined,
        defaultPort: 443,
        protocol: 'https:',
        options: [Object],
        requests: {},
        sockets: [Object],
        freeSockets: {},
        keepAliveMsecs: 1000,
        keepAlive: true,
        maxSockets: Infinity,
        maxFreeSockets: 256,
        maxCachedSessions: 100,
        _sessionCache: [Object] } },
  code: 'ETIMEDOUT',
  status: null }
[2024-01-23T11:06:37.426] [ERROR] katalon - Cannot send agent info to server: { message: 'connect ETIMEDOUT 3.209.155.10:443',
  name: 'Error',
  description: undefined,
  number: undefined,
  fileName: undefined,
  lineNumber: undefined,
  columnNumber: undefined,
  stack:
   'Error: connect ETIMEDOUT 3.209.155.10:443\n    at TCPConnectWrap.afterConnect [as oncomplete] (net.js:1107:14)',
  config:
   { transitional:
      { silentJSONParsing: true,
        forcedJSONParsing: true,
        clarifyTimeoutError: false },
     adapter: [Function: httpAdapter],
     transformRequest: [ [Function: transformRequest] ],
     transformResponse: [ [Function: transformResponse] ],
     timeout: 60000,
     xsrfCookieName: 'XSRF-TOKEN',
     xsrfHeaderName: 'X-XSRF-TOKEN',
     maxContentLength: -1,
     maxBodyLength: -1,
     env: { FormData: [Function] },
     validateStatus: [Function: validateStatus],
     headers:
      { Accept: 'application/json, text/plain, */*',
        'Content-Type': 'application/json',
        Authorization: 'Basic OjMwYTY0NmE1LTZjMTQtNDFkZi05YThlLTcxYmJkMzgxY2NmNg==',
        'User-Agent': 'axios/0.27.2',
        'Content-Length': 199 },
     method: 'post',
     url: 'https://testops.katalon.io/api/v1/agent',
     params: {},
     data:
      '{"uuid":"1705980737362-88050189-da2f-419f-a814-b15282260fde","name":"My Agent","organizationId":"1378380","hostname":"DESKTOP-SQ56SGT","ip":"192.168.55.147","os":"Windows 64","agentVersion":"v2.0.1"}',
     proxy: null,
     httpsAgent:
      Agent {
        _events: [Object],
        _eventsCount: 1,
        _maxListeners: undefined,
        defaultPort: 443,
        protocol: 'https:',
        options: [Object],
        requests: {},
        sockets: [Object],
        freeSockets: {},
        keepAliveMsecs: 1000,
        keepAlive: true,
        maxSockets: Infinity,
        maxFreeSockets: 256,
        maxCachedSessions: 100,
        _sessionCache: [Object] } },
  code: 'ETIMEDOUT',
  status: null }
[2024-01-23T11:07:17.011] [INFO] katalon - post https://testops.katalon.io/api/v1/agent 200.
[2024-01-23T11:07:17.037] [INFO] katalon - get https://testops.katalon.io/api/v1/jobs/get-job 200.
[2024-01-23T11:08:16.966] [INFO] katalon - get https://testops.katalon.io/api/v1/jobs/get-job 200.
[2024-01-23T11:08:16.986] [INFO] katalon - post https://testops.katalon.io/api/v1/agent 200.
[2024-01-23T11:09:24.154] [INFO] katalon - post https://testops.katalon.io/api/v1/agent 200.
[2024-01-23T11:09:24.191] [INFO] katalon - get https://testops.katalon.io/api/v1/jobs/get-job 200.
[2024-01-23T11:10:17.022] [INFO] katalon - get https://testops.katalon.io/api/v1/jobs/get-job 200.
[2024-01-23T11:10:17.368] [INFO] katalon - post https://testops.katalon.io/api/v1/agent 200.
