[2024-01-23T10:32:54.369] [ERROR] katalon - { message: 'connect ETIMEDOUT 34.235.42.225:443',
  name: 'Error',
  description: undefined,
  number: undefined,
  fileName: undefined,
  lineNumber: undefined,
  columnNumber: undefined,
  stack:
   'Error: connect ETIMEDOUT 34.235.42.225:443\n    at TCPConnectWrap.afterConnect [as oncomplete] (net.js:1107:14)',
  config:
   { transitional:
      { silentJSONParsing: true,
        forcedJSONParsing: true,
        clarifyTimeoutError: false },
     adapter: [Function: httpAdapter],
     transformRequest: [ [Function: transformRequest] ],
     transformResponse: [ [Function: transformResponse] ],
     timeout: 60000,
     xsrfCookieName: 'XSRF-TOKEN',
     xsrfHeaderName: 'X-XSRF-TOKEN',
     maxContentLength: -1,
     maxBodyLength: -1,
     env: { FormData: [Function] },
     validateStatus: [Function: validateStatus],
     headers:
      { Accept: 'application/json, text/plain, */*',
        Authorization: 'Basic OjMwYTY0NmE1LTZjMTQtNDFkZi05YThlLTcxYmJkMzgxY2NmNg==',
        'User-Agent': 'axios/0.27.2' },
     method: 'get',
     url: 'https://testops.katalon.io/info',
     params: {},
     data: null,
     proxy: null,
     httpsAgent:
      Agent {
        _events: [Object],
        _eventsCount: 1,
        _maxListeners: undefined,
        defaultPort: 443,
        protocol: 'https:',
        options: [Object],
        requests: {},
        sockets: [Object],
        freeSockets: {},
        keepAliveMsecs: 1000,
        keepAlive: true,
        maxSockets: Infinity,
        maxFreeSockets: 256,
        maxCachedSessions: 100,
        _sessionCache: [Object] } },
  code: 'ETIMEDOUT',
  status: null }
[2024-01-23T10:32:54.409] [ERROR] katalon - { message: 'connect ETIMEDOUT 34.235.42.225:443',
  name: 'Error',
  description: undefined,
  number: undefined,
  fileName: undefined,
  lineNumber: undefined,
  columnNumber: undefined,
  stack:
   'Error: connect ETIMEDOUT 34.235.42.225:443\n    at TCPConnectWrap.afterConnect [as oncomplete] (net.js:1107:14)',
  config:
   { transitional:
      { silentJSONParsing: true,
        forcedJSONParsing: true,
        clarifyTimeoutError: false },
     adapter: [Function: httpAdapter],
     transformRequest: [ [Function: transformRequest] ],
     transformResponse: [ [Function: transformResponse] ],
     timeout: 60000,
     xsrfCookieName: 'XSRF-TOKEN',
     xsrfHeaderName: 'X-XSRF-TOKEN',
     maxContentLength: -1,
     maxBodyLength: -1,
     env: { FormData: [Function] },
     validateStatus: [Function: validateStatus],
     headers:
      { Accept: 'application/json, text/plain, */*',
        Authorization: 'Basic OjMwYTY0NmE1LTZjMTQtNDFkZi05YThlLTcxYmJkMzgxY2NmNg==',
        'User-Agent': 'axios/0.27.2' },
     method: 'get',
     url: 'https://testops.katalon.io/info',
     params: {},
     data: null,
     proxy: null,
     httpsAgent:
      Agent {
        _events: [Object],
        _eventsCount: 1,
        _maxListeners: undefined,
        defaultPort: 443,
        protocol: 'https:',
        options: [Object],
        requests: {},
        sockets: [Object],
        freeSockets: {},
        keepAliveMsecs: 1000,
        keepAlive: true,
        maxSockets: Infinity,
        maxFreeSockets: 256,
        maxCachedSessions: 100,
        _sessionCache: [Object] } },
  code: 'ETIMEDOUT',
  status: null }
[2024-01-23T10:33:54.749] [ERROR] katalon - { message: 'connect ETIMEDOUT 3.209.155.10:443',
  name: 'Error',
  description: undefined,
  number: undefined,
  fileName: undefined,
  lineNumber: undefined,
  columnNumber: undefined,
  stack:
   'Error: connect ETIMEDOUT 3.209.155.10:443\n    at TCPConnectWrap.afterConnect [as oncomplete] (net.js:1107:14)',
  config:
   { transitional:
      { silentJSONParsing: true,
        forcedJSONParsing: true,
        clarifyTimeoutError: false },
     adapter: [Function: httpAdapter],
     transformRequest: [ [Function: transformRequest] ],
     transformResponse: [ [Function: transformResponse] ],
     timeout: 60000,
     xsrfCookieName: 'XSRF-TOKEN',
     xsrfHeaderName: 'X-XSRF-TOKEN',
     maxContentLength: -1,
     maxBodyLength: -1,
     env: { FormData: [Function] },
     validateStatus: [Function: validateStatus],
     headers:
      { Accept: 'application/json, text/plain, */*',
        'Content-Type': 'application/json',
        Authorization: 'Basic OjMwYTY0NmE1LTZjMTQtNDFkZi05YThlLTcxYmJkMzgxY2NmNg==',
        'User-Agent': 'axios/0.27.2',
        'Content-Length': 199 },
     method: 'post',
     url: 'https://testops.katalon.io/api/v1/agent',
     params: {},
     data:
      '{"uuid":"1705980737362-88050189-da2f-419f-a814-b15282260fde","name":"My Agent","organizationId":"1378380","hostname":"DESKTOP-SQ56SGT","ip":"192.168.55.147","os":"Windows 64","agentVersion":"v2.0.1"}',
     proxy: null,
     httpsAgent:
      Agent {
        _events: [Object],
        _eventsCount: 1,
        _maxListeners: undefined,
        defaultPort: 443,
        protocol: 'https:',
        options: [Object],
        requests: {},
        sockets: [Object],
        freeSockets: {},
        keepAliveMsecs: 1000,
        keepAlive: true,
        maxSockets: Infinity,
        maxFreeSockets: 256,
        maxCachedSessions: 100,
        _sessionCache: [Object] } },
  code: 'ETIMEDOUT',
  status: null }
[2024-01-23T10:33:54.753] [ERROR] katalon - Cannot send agent info to server: { message: 'connect ETIMEDOUT 3.209.155.10:443',
  name: 'Error',
  description: undefined,
  number: undefined,
  fileName: undefined,
  lineNumber: undefined,
  columnNumber: undefined,
  stack:
   'Error: connect ETIMEDOUT 3.209.155.10:443\n    at TCPConnectWrap.afterConnect [as oncomplete] (net.js:1107:14)',
  config:
   { transitional:
      { silentJSONParsing: true,
        forcedJSONParsing: true,
        clarifyTimeoutError: false },
     adapter: [Function: httpAdapter],
     transformRequest: [ [Function: transformRequest] ],
     transformResponse: [ [Function: transformResponse] ],
     timeout: 60000,
     xsrfCookieName: 'XSRF-TOKEN',
     xsrfHeaderName: 'X-XSRF-TOKEN',
     maxContentLength: -1,
     maxBodyLength: -1,
     env: { FormData: [Function] },
     validateStatus: [Function: validateStatus],
     headers:
      { Accept: 'application/json, text/plain, */*',
        'Content-Type': 'application/json',
        Authorization: 'Basic OjMwYTY0NmE1LTZjMTQtNDFkZi05YThlLTcxYmJkMzgxY2NmNg==',
        'User-Agent': 'axios/0.27.2',
        'Content-Length': 199 },
     method: 'post',
     url: 'https://testops.katalon.io/api/v1/agent',
     params: {},
     data:
      '{"uuid":"1705980737362-88050189-da2f-419f-a814-b15282260fde","name":"My Agent","organizationId":"1378380","hostname":"DESKTOP-SQ56SGT","ip":"192.168.55.147","os":"Windows 64","agentVersion":"v2.0.1"}',
     proxy: null,
     httpsAgent:
      Agent {
        _events: [Object],
        _eventsCount: 1,
        _maxListeners: undefined,
        defaultPort: 443,
        protocol: 'https:',
        options: [Object],
        requests: {},
        sockets: [Object],
        freeSockets: {},
        keepAliveMsecs: 1000,
        keepAlive: true,
        maxSockets: Infinity,
        maxFreeSockets: 256,
        maxCachedSessions: 100,
        _sessionCache: [Object] } },
  code: 'ETIMEDOUT',
  status: null }
[2024-01-23T10:33:54.758] [ERROR] katalon - { message: 'connect ETIMEDOUT 3.209.155.10:443',
  name: 'Error',
  description: undefined,
  number: undefined,
  fileName: undefined,
  lineNumber: undefined,
  columnNumber: undefined,
  stack:
   'Error: connect ETIMEDOUT 3.209.155.10:443\n    at TCPConnectWrap.afterConnect [as oncomplete] (net.js:1107:14)',
  config:
   { transitional:
      { silentJSONParsing: true,
        forcedJSONParsing: true,
        clarifyTimeoutError: false },
     adapter: [Function: httpAdapter],
     transformRequest: [ [Function: transformRequest] ],
     transformResponse: [ [Function: transformResponse] ],
     timeout: 60000,
     xsrfCookieName: 'XSRF-TOKEN',
     xsrfHeaderName: 'X-XSRF-TOKEN',
     maxContentLength: -1,
     maxBodyLength: -1,
     env: { FormData: [Function] },
     validateStatus: [Function: validateStatus],
     headers:
      { Accept: 'application/json, text/plain, */*',
        Authorization: 'Basic OjMwYTY0NmE1LTZjMTQtNDFkZi05YThlLTcxYmJkMzgxY2NmNg==',
        'User-Agent': 'axios/0.27.2' },
     method: 'get',
     url: 'https://testops.katalon.io/info',
     params: {},
     data: null,
     proxy: null,
     httpsAgent:
      Agent {
        _events: [Object],
        _eventsCount: 1,
        _maxListeners: undefined,
        defaultPort: 443,
        protocol: 'https:',
        options: [Object],
        requests: {},
        sockets: [Object],
        freeSockets: {},
        keepAliveMsecs: 1000,
        keepAlive: true,
        maxSockets: Infinity,
        maxFreeSockets: 256,
        maxCachedSessions: 100,
        _sessionCache: [Object] } },
  code: 'ETIMEDOUT',
  status: null }
[2024-01-23T10:33:54.760] [ERROR] katalon - { message: 'connect ETIMEDOUT 3.209.155.10:443',
  name: 'Error',
  description: undefined,
  number: undefined,
  fileName: undefined,
  lineNumber: undefined,
  columnNumber: undefined,
  stack:
   'Error: connect ETIMEDOUT 3.209.155.10:443\n    at TCPConnectWrap.afterConnect [as oncomplete] (net.js:1107:14)',
  config:
   { transitional:
      { silentJSONParsing: true,
        forcedJSONParsing: true,
        clarifyTimeoutError: false },
     adapter: [Function: httpAdapter],
     transformRequest: [ [Function: transformRequest] ],
     transformResponse: [ [Function: transformResponse] ],
     timeout: 60000,
     xsrfCookieName: 'XSRF-TOKEN',
     xsrfHeaderName: 'X-XSRF-TOKEN',
     maxContentLength: -1,
     maxBodyLength: -1,
     env: { FormData: [Function] },
     validateStatus: [Function: validateStatus],
     headers:
      { Accept: 'application/json, text/plain, */*',
        Authorization: 'Basic OjMwYTY0NmE1LTZjMTQtNDFkZi05YThlLTcxYmJkMzgxY2NmNg==',
        'User-Agent': 'axios/0.27.2' },
     method: 'get',
     url: 'https://testops.katalon.io/info',
     params: {},
     data: null,
     proxy: null,
     httpsAgent:
      Agent {
        _events: [Object],
        _eventsCount: 1,
        _maxListeners: undefined,
        defaultPort: 443,
        protocol: 'https:',
        options: [Object],
        requests: {},
        sockets: [Object],
        freeSockets: {},
        keepAliveMsecs: 1000,
        keepAlive: true,
        maxSockets: Infinity,
        maxFreeSockets: 256,
        maxCachedSessions: 100,
        _sessionCache: [Object] } },
  code: 'ETIMEDOUT',
  status: null }
[2024-01-23T10:34:54.305] [ERROR] katalon - { message: 'connect ETIMEDOUT 3.209.155.10:443',
  name: 'Error',
  description: undefined,
  number: undefined,
  fileName: undefined,
  lineNumber: undefined,
  columnNumber: undefined,
  stack:
   'Error: connect ETIMEDOUT 3.209.155.10:443\n    at TCPConnectWrap.afterConnect [as oncomplete] (net.js:1107:14)',
  config:
   { transitional:
      { silentJSONParsing: true,
        forcedJSONParsing: true,
        clarifyTimeoutError: false },
     adapter: [Function: httpAdapter],
     transformRequest: [ [Function: transformRequest] ],
     transformResponse: [ [Function: transformResponse] ],
     timeout: 60000,
     xsrfCookieName: 'XSRF-TOKEN',
     xsrfHeaderName: 'X-XSRF-TOKEN',
     maxContentLength: -1,
     maxBodyLength: -1,
     env: { FormData: [Function] },
     validateStatus: [Function: validateStatus],
     headers:
      { Accept: 'application/json, text/plain, */*',
        'Content-Type': 'application/json',
        Authorization: 'Basic OjMwYTY0NmE1LTZjMTQtNDFkZi05YThlLTcxYmJkMzgxY2NmNg==',
        'User-Agent': 'axios/0.27.2',
        'Content-Length': 199 },
     method: 'post',
     url: 'https://testops.katalon.io/api/v1/agent',
     params: {},
     data:
      '{"uuid":"1705980737362-88050189-da2f-419f-a814-b15282260fde","name":"My Agent","organizationId":"1378380","hostname":"DESKTOP-SQ56SGT","ip":"192.168.55.147","os":"Windows 64","agentVersion":"v2.0.1"}',
     proxy: null,
     httpsAgent:
      Agent {
        _events: [Object],
        _eventsCount: 1,
        _maxListeners: undefined,
        defaultPort: 443,
        protocol: 'https:',
        options: [Object],
        requests: {},
        sockets: [Object],
        freeSockets: {},
        keepAliveMsecs: 1000,
        keepAlive: true,
        maxSockets: Infinity,
        maxFreeSockets: 256,
        maxCachedSessions: 100,
        _sessionCache: [Object] } },
  code: 'ETIMEDOUT',
  status: null }
[2024-01-23T10:34:54.309] [ERROR] katalon - Cannot send agent info to server: { message: 'connect ETIMEDOUT 3.209.155.10:443',
  name: 'Error',
  description: undefined,
  number: undefined,
  fileName: undefined,
  lineNumber: undefined,
  columnNumber: undefined,
  stack:
   'Error: connect ETIMEDOUT 3.209.155.10:443\n    at TCPConnectWrap.afterConnect [as oncomplete] (net.js:1107:14)',
  config:
   { transitional:
      { silentJSONParsing: true,
        forcedJSONParsing: true,
        clarifyTimeoutError: false },
     adapter: [Function: httpAdapter],
     transformRequest: [ [Function: transformRequest] ],
     transformResponse: [ [Function: transformResponse] ],
     timeout: 60000,
     xsrfCookieName: 'XSRF-TOKEN',
     xsrfHeaderName: 'X-XSRF-TOKEN',
     maxContentLength: -1,
     maxBodyLength: -1,
     env: { FormData: [Function] },
     validateStatus: [Function: validateStatus],
     headers:
      { Accept: 'application/json, text/plain, */*',
        'Content-Type': 'application/json',
        Authorization: 'Basic OjMwYTY0NmE1LTZjMTQtNDFkZi05YThlLTcxYmJkMzgxY2NmNg==',
        'User-Agent': 'axios/0.27.2',
        'Content-Length': 199 },
     method: 'post',
     url: 'https://testops.katalon.io/api/v1/agent',
     params: {},
     data:
      '{"uuid":"1705980737362-88050189-da2f-419f-a814-b15282260fde","name":"My Agent","organizationId":"1378380","hostname":"DESKTOP-SQ56SGT","ip":"192.168.55.147","os":"Windows 64","agentVersion":"v2.0.1"}',
     proxy: null,
     httpsAgent:
      Agent {
        _events: [Object],
        _eventsCount: 1,
        _maxListeners: undefined,
        defaultPort: 443,
        protocol: 'https:',
        options: [Object],
        requests: {},
        sockets: [Object],
        freeSockets: {},
        keepAliveMsecs: 1000,
        keepAlive: true,
        maxSockets: Infinity,
        maxFreeSockets: 256,
        maxCachedSessions: 100,
        _sessionCache: [Object] } },
  code: 'ETIMEDOUT',
  status: null }
[2024-01-23T10:48:42.751] [ERROR] katalon - { message: 'timeout of 60000ms exceeded',
  name: 'AxiosError',
  description: undefined,
  number: undefined,
  fileName: undefined,
  lineNumber: undefined,
  columnNumber: undefined,
  stack: undefined,
  config:
   { transitional:
      { silentJSONParsing: true,
        forcedJSONParsing: true,
        clarifyTimeoutError: false },
     adapter: [Function: httpAdapter],
     transformRequest: [ [Function: transformRequest] ],
     transformResponse: [ [Function: transformResponse] ],
     timeout: 60000,
     xsrfCookieName: 'XSRF-TOKEN',
     xsrfHeaderName: 'X-XSRF-TOKEN',
     maxContentLength: -1,
     maxBodyLength: -1,
     env: { FormData: [Function] },
     validateStatus: [Function: validateStatus],
     headers:
      { Accept: 'application/json, text/plain, */*',
        'Content-Type': 'application/json',
        Authorization: 'Basic OjMwYTY0NmE1LTZjMTQtNDFkZi05YThlLTcxYmJkMzgxY2NmNg==',
        'User-Agent': 'axios/0.27.2',
        'Content-Length': 199 },
     method: 'post',
     url: 'https://testops.katalon.io/api/v1/agent',
     params: {},
     data:
      '{"uuid":"1705980737362-88050189-da2f-419f-a814-b15282260fde","name":"My Agent","organizationId":"1378380","hostname":"DESKTOP-SQ56SGT","ip":"192.168.55.147","os":"Windows 64","agentVersion":"v2.0.1"}',
     proxy: null,
     httpsAgent:
      Agent {
        _events: [Object],
        _eventsCount: 1,
        _maxListeners: undefined,
        defaultPort: 443,
        protocol: 'https:',
        options: [Object],
        requests: {},
        sockets: [Object],
        freeSockets: {},
        keepAliveMsecs: 1000,
        keepAlive: true,
        maxSockets: Infinity,
        maxFreeSockets: 256,
        maxCachedSessions: 100,
        _sessionCache: [Object] } },
  code: 'ECONNABORTED',
  status: null }
[2024-01-23T10:48:42.753] [ERROR] katalon - Cannot send agent info to server: { message: 'timeout of 60000ms exceeded',
  name: 'AxiosError',
  description: undefined,
  number: undefined,
  fileName: undefined,
  lineNumber: undefined,
  columnNumber: undefined,
  stack: undefined,
  config:
   { transitional:
      { silentJSONParsing: true,
        forcedJSONParsing: true,
        clarifyTimeoutError: false },
     adapter: [Function: httpAdapter],
     transformRequest: [ [Function: transformRequest] ],
     transformResponse: [ [Function: transformResponse] ],
     timeout: 60000,
     xsrfCookieName: 'XSRF-TOKEN',
     xsrfHeaderName: 'X-XSRF-TOKEN',
     maxContentLength: -1,
     maxBodyLength: -1,
     env: { FormData: [Function] },
     validateStatus: [Function: validateStatus],
     headers:
      { Accept: 'application/json, text/plain, */*',
        'Content-Type': 'application/json',
        Authorization: 'Basic OjMwYTY0NmE1LTZjMTQtNDFkZi05YThlLTcxYmJkMzgxY2NmNg==',
        'User-Agent': 'axios/0.27.2',
        'Content-Length': 199 },
     method: 'post',
     url: 'https://testops.katalon.io/api/v1/agent',
     params: {},
     data:
      '{"uuid":"1705980737362-88050189-da2f-419f-a814-b15282260fde","name":"My Agent","organizationId":"1378380","hostname":"DESKTOP-SQ56SGT","ip":"192.168.55.147","os":"Windows 64","agentVersion":"v2.0.1"}',
     proxy: null,
     httpsAgent:
      Agent {
        _events: [Object],
        _eventsCount: 1,
        _maxListeners: undefined,
        defaultPort: 443,
        protocol: 'https:',
        options: [Object],
        requests: {},
        sockets: [Object],
        freeSockets: {},
        keepAliveMsecs: 1000,
        keepAlive: true,
        maxSockets: Infinity,
        maxFreeSockets: 256,
        maxCachedSessions: 100,
        _sessionCache: [Object] } },
  code: 'ECONNABORTED',
  status: null }
[2024-01-23T10:52:03.859] [ERROR] katalon - { message: 'connect ETIMEDOUT 3.209.155.10:443',
  name: 'Error',
  description: undefined,
  number: undefined,
  fileName: undefined,
  lineNumber: undefined,
  columnNumber: undefined,
  stack:
   'Error: connect ETIMEDOUT 3.209.155.10:443\n    at TCPConnectWrap.afterConnect [as oncomplete] (net.js:1107:14)',
  config:
   { transitional:
      { silentJSONParsing: true,
        forcedJSONParsing: true,
        clarifyTimeoutError: false },
     adapter: [Function: httpAdapter],
     transformRequest: [ [Function: transformRequest] ],
     transformResponse: [ [Function: transformResponse] ],
     timeout: 60000,
     xsrfCookieName: 'XSRF-TOKEN',
     xsrfHeaderName: 'X-XSRF-TOKEN',
     maxContentLength: -1,
     maxBodyLength: -1,
     env: { FormData: [Function] },
     validateStatus: [Function: validateStatus],
     headers:
      { Accept: 'application/json, text/plain, */*',
        Authorization: 'Basic OjMwYTY0NmE1LTZjMTQtNDFkZi05YThlLTcxYmJkMzgxY2NmNg==',
        'User-Agent': 'axios/0.27.2' },
     method: 'get',
     url: 'https://testops.katalon.io/api/v1/jobs/get-job',
     params:
      { uuid: '1705980737362-88050189-da2f-419f-a814-b15282260fde',
        organizationId: '1378380' },
     data: null,
     proxy: null,
     httpsAgent:
      Agent {
        _events: [Object],
        _eventsCount: 1,
        _maxListeners: undefined,
        defaultPort: 443,
        protocol: 'https:',
        options: [Object],
        requests: {},
        sockets: [Object],
        freeSockets: {},
        keepAliveMsecs: 1000,
        keepAlive: true,
        maxSockets: Infinity,
        maxFreeSockets: 256,
        maxCachedSessions: 100,
        _sessionCache: [Object] } },
  code: 'ETIMEDOUT',
  status: null }
[2024-01-23T10:52:03.868] [ERROR] katalon - { message: 'connect ETIMEDOUT 3.209.155.10:443',
  name: 'Error',
  description: undefined,
  number: undefined,
  fileName: undefined,
  lineNumber: undefined,
  columnNumber: undefined,
  stack:
   'Error: connect ETIMEDOUT 3.209.155.10:443\n    at TCPConnectWrap.afterConnect [as oncomplete] (net.js:1107:14)',
  config:
   { transitional:
      { silentJSONParsing: true,
        forcedJSONParsing: true,
        clarifyTimeoutError: false },
     adapter: [Function: httpAdapter],
     transformRequest: [ [Function: transformRequest] ],
     transformResponse: [ [Function: transformResponse] ],
     timeout: 60000,
     xsrfCookieName: 'XSRF-TOKEN',
     xsrfHeaderName: 'X-XSRF-TOKEN',
     maxContentLength: -1,
     maxBodyLength: -1,
     env: { FormData: [Function] },
     validateStatus: [Function: validateStatus],
     headers:
      { Accept: 'application/json, text/plain, */*',
        Authorization: 'Basic OjMwYTY0NmE1LTZjMTQtNDFkZi05YThlLTcxYmJkMzgxY2NmNg==',
        'User-Agent': 'axios/0.27.2' },
     method: 'get',
     url: 'https://testops.katalon.io/api/v1/jobs/get-job',
     params:
      { uuid: '1705980737362-88050189-da2f-419f-a814-b15282260fde',
        organizationId: '1378380' },
     data: null,
     proxy: null,
     httpsAgent:
      Agent {
        _events: [Object],
        _eventsCount: 1,
        _maxListeners: undefined,
        defaultPort: 443,
        protocol: 'https:',
        options: [Object],
        requests: {},
        sockets: [Object],
        freeSockets: {},
        keepAliveMsecs: 1000,
        keepAlive: true,
        maxSockets: Infinity,
        maxFreeSockets: 256,
        maxCachedSessions: 100,
        _sessionCache: [Object] } },
  code: 'ETIMEDOUT',
  status: null }
[2024-01-23T10:52:03.889] [ERROR] katalon - { message: 'connect ETIMEDOUT 3.209.155.10:443',
  name: 'Error',
  description: undefined,
  number: undefined,
  fileName: undefined,
  lineNumber: undefined,
  columnNumber: undefined,
  stack:
   'Error: connect ETIMEDOUT 3.209.155.10:443\n    at TCPConnectWrap.afterConnect [as oncomplete] (net.js:1107:14)',
  config:
   { transitional:
      { silentJSONParsing: true,
        forcedJSONParsing: true,
        clarifyTimeoutError: false },
     adapter: [Function: httpAdapter],
     transformRequest: [ [Function: transformRequest] ],
     transformResponse: [ [Function: transformResponse] ],
     timeout: 60000,
     xsrfCookieName: 'XSRF-TOKEN',
     xsrfHeaderName: 'X-XSRF-TOKEN',
     maxContentLength: -1,
     maxBodyLength: -1,
     env: { FormData: [Function] },
     validateStatus: [Function: validateStatus],
     headers:
      { Accept: 'application/json, text/plain, */*',
        'Content-Type': 'application/json',
        Authorization: 'Basic OjMwYTY0NmE1LTZjMTQtNDFkZi05YThlLTcxYmJkMzgxY2NmNg==',
        'User-Agent': 'axios/0.27.2',
        'Content-Length': 199 },
     method: 'post',
     url: 'https://testops.katalon.io/api/v1/agent',
     params: {},
     data:
      '{"uuid":"1705980737362-88050189-da2f-419f-a814-b15282260fde","name":"My Agent","organizationId":"1378380","hostname":"DESKTOP-SQ56SGT","ip":"192.168.55.147","os":"Windows 64","agentVersion":"v2.0.1"}',
     proxy: null,
     httpsAgent:
      Agent {
        _events: [Object],
        _eventsCount: 1,
        _maxListeners: undefined,
        defaultPort: 443,
        protocol: 'https:',
        options: [Object],
        requests: {},
        sockets: [Object],
        freeSockets: {},
        keepAliveMsecs: 1000,
        keepAlive: true,
        maxSockets: Infinity,
        maxFreeSockets: 256,
        maxCachedSessions: 100,
        _sessionCache: [Object] } },
  code: 'ETIMEDOUT',
  status: null }
[2024-01-23T10:52:03.900] [ERROR] katalon - Cannot send agent info to server: { message: 'connect ETIMEDOUT 3.209.155.10:443',
  name: 'Error',
  description: undefined,
  number: undefined,
  fileName: undefined,
  lineNumber: undefined,
  columnNumber: undefined,
  stack:
   'Error: connect ETIMEDOUT 3.209.155.10:443\n    at TCPConnectWrap.afterConnect [as oncomplete] (net.js:1107:14)',
  config:
   { transitional:
      { silentJSONParsing: true,
        forcedJSONParsing: true,
        clarifyTimeoutError: false },
     adapter: [Function: httpAdapter],
     transformRequest: [ [Function: transformRequest] ],
     transformResponse: [ [Function: transformResponse] ],
     timeout: 60000,
     xsrfCookieName: 'XSRF-TOKEN',
     xsrfHeaderName: 'X-XSRF-TOKEN',
     maxContentLength: -1,
     maxBodyLength: -1,
     env: { FormData: [Function] },
     validateStatus: [Function: validateStatus],
     headers:
      { Accept: 'application/json, text/plain, */*',
        'Content-Type': 'application/json',
        Authorization: 'Basic OjMwYTY0NmE1LTZjMTQtNDFkZi05YThlLTcxYmJkMzgxY2NmNg==',
        'User-Agent': 'axios/0.27.2',
        'Content-Length': 199 },
     method: 'post',
     url: 'https://testops.katalon.io/api/v1/agent',
     params: {},
     data:
      '{"uuid":"1705980737362-88050189-da2f-419f-a814-b15282260fde","name":"My Agent","organizationId":"1378380","hostname":"DESKTOP-SQ56SGT","ip":"192.168.55.147","os":"Windows 64","agentVersion":"v2.0.1"}',
     proxy: null,
     httpsAgent:
      Agent {
        _events: [Object],
        _eventsCount: 1,
        _maxListeners: undefined,
        defaultPort: 443,
        protocol: 'https:',
        options: [Object],
        requests: {},
        sockets: [Object],
        freeSockets: {},
        keepAliveMsecs: 1000,
        keepAlive: true,
        maxSockets: Infinity,
        maxFreeSockets: 256,
        maxCachedSessions: 100,
        _sessionCache: [Object] } },
  code: 'ETIMEDOUT',
  status: null }
[2024-01-23T10:54:03.848] [ERROR] katalon - { message: 'connect ETIMEDOUT 34.235.42.225:443',
  name: 'Error',
  description: undefined,
  number: undefined,
  fileName: undefined,
  lineNumber: undefined,
  columnNumber: undefined,
  stack:
   'Error: connect ETIMEDOUT 34.235.42.225:443\n    at TCPConnectWrap.afterConnect [as oncomplete] (net.js:1107:14)',
  config:
   { transitional:
      { silentJSONParsing: true,
        forcedJSONParsing: true,
        clarifyTimeoutError: false },
     adapter: [Function: httpAdapter],
     transformRequest: [ [Function: transformRequest] ],
     transformResponse: [ [Function: transformResponse] ],
     timeout: 60000,
     xsrfCookieName: 'XSRF-TOKEN',
     xsrfHeaderName: 'X-XSRF-TOKEN',
     maxContentLength: -1,
     maxBodyLength: -1,
     env: { FormData: [Function] },
     validateStatus: [Function: validateStatus],
     headers:
      { Accept: 'application/json, text/plain, */*',
        'Content-Type': 'application/json',
        Authorization: 'Basic OjMwYTY0NmE1LTZjMTQtNDFkZi05YThlLTcxYmJkMzgxY2NmNg==',
        'User-Agent': 'axios/0.27.2',
        'Content-Length': 199 },
     method: 'post',
     url: 'https://testops.katalon.io/api/v1/agent',
     params: {},
     data:
      '{"uuid":"1705980737362-88050189-da2f-419f-a814-b15282260fde","name":"My Agent","organizationId":"1378380","hostname":"DESKTOP-SQ56SGT","ip":"192.168.55.147","os":"Windows 64","agentVersion":"v2.0.1"}',
     proxy: null,
     httpsAgent:
      Agent {
        _events: [Object],
        _eventsCount: 1,
        _maxListeners: undefined,
        defaultPort: 443,
        protocol: 'https:',
        options: [Object],
        requests: {},
        sockets: [Object],
        freeSockets: {},
        keepAliveMsecs: 1000,
        keepAlive: true,
        maxSockets: Infinity,
        maxFreeSockets: 256,
        maxCachedSessions: 100,
        _sessionCache: [Object] } },
  code: 'ETIMEDOUT',
  status: null }
[2024-01-23T10:54:03.856] [ERROR] katalon - Cannot send agent info to server: { message: 'connect ETIMEDOUT 34.235.42.225:443',
  name: 'Error',
  description: undefined,
  number: undefined,
  fileName: undefined,
  lineNumber: undefined,
  columnNumber: undefined,
  stack:
   'Error: connect ETIMEDOUT 34.235.42.225:443\n    at TCPConnectWrap.afterConnect [as oncomplete] (net.js:1107:14)',
  config:
   { transitional:
      { silentJSONParsing: true,
        forcedJSONParsing: true,
        clarifyTimeoutError: false },
     adapter: [Function: httpAdapter],
     transformRequest: [ [Function: transformRequest] ],
     transformResponse: [ [Function: transformResponse] ],
     timeout: 60000,
     xsrfCookieName: 'XSRF-TOKEN',
     xsrfHeaderName: 'X-XSRF-TOKEN',
     maxContentLength: -1,
     maxBodyLength: -1,
     env: { FormData: [Function] },
     validateStatus: [Function: validateStatus],
     headers:
      { Accept: 'application/json, text/plain, */*',
        'Content-Type': 'application/json',
        Authorization: 'Basic OjMwYTY0NmE1LTZjMTQtNDFkZi05YThlLTcxYmJkMzgxY2NmNg==',
        'User-Agent': 'axios/0.27.2',
        'Content-Length': 199 },
     method: 'post',
     url: 'https://testops.katalon.io/api/v1/agent',
     params: {},
     data:
      '{"uuid":"1705980737362-88050189-da2f-419f-a814-b15282260fde","name":"My Agent","organizationId":"1378380","hostname":"DESKTOP-SQ56SGT","ip":"192.168.55.147","os":"Windows 64","agentVersion":"v2.0.1"}',
     proxy: null,
     httpsAgent:
      Agent {
        _events: [Object],
        _eventsCount: 1,
        _maxListeners: undefined,
        defaultPort: 443,
        protocol: 'https:',
        options: [Object],
        requests: {},
        sockets: [Object],
        freeSockets: {},
        keepAliveMsecs: 1000,
        keepAlive: true,
        maxSockets: Infinity,
        maxFreeSockets: 256,
        maxCachedSessions: 100,
        _sessionCache: [Object] } },
  code: 'ETIMEDOUT',
  status: null }
[2024-01-23T10:54:03.871] [ERROR] katalon - { message: 'connect ETIMEDOUT 34.235.42.225:443',
  name: 'Error',
  description: undefined,
  number: undefined,
  fileName: undefined,
  lineNumber: undefined,
  columnNumber: undefined,
  stack:
   'Error: connect ETIMEDOUT 34.235.42.225:443\n    at TCPConnectWrap.afterConnect [as oncomplete] (net.js:1107:14)',
  config:
   { transitional:
      { silentJSONParsing: true,
        forcedJSONParsing: true,
        clarifyTimeoutError: false },
     adapter: [Function: httpAdapter],
     transformRequest: [ [Function: transformRequest] ],
     transformResponse: [ [Function: transformResponse] ],
     timeout: 60000,
     xsrfCookieName: 'XSRF-TOKEN',
     xsrfHeaderName: 'X-XSRF-TOKEN',
     maxContentLength: -1,
     maxBodyLength: -1,
     env: { FormData: [Function] },
     validateStatus: [Function: validateStatus],
     headers:
      { Accept: 'application/json, text/plain, */*',
        Authorization: 'Basic OjMwYTY0NmE1LTZjMTQtNDFkZi05YThlLTcxYmJkMzgxY2NmNg==',
        'User-Agent': 'axios/0.27.2' },
     method: 'get',
     url: 'https://testops.katalon.io/api/v1/jobs/get-job',
     params:
      { uuid: '1705980737362-88050189-da2f-419f-a814-b15282260fde',
        organizationId: '1378380' },
     data: null,
     proxy: null,
     httpsAgent:
      Agent {
        _events: [Object],
        _eventsCount: 1,
        _maxListeners: undefined,
        defaultPort: 443,
        protocol: 'https:',
        options: [Object],
        requests: {},
        sockets: [Object],
        freeSockets: {},
        keepAliveMsecs: 1000,
        keepAlive: true,
        maxSockets: Infinity,
        maxFreeSockets: 256,
        maxCachedSessions: 100,
        _sessionCache: [Object] } },
  code: 'ETIMEDOUT',
  status: null }
[2024-01-23T10:54:03.881] [ERROR] katalon - { message: 'connect ETIMEDOUT 34.235.42.225:443',
  name: 'Error',
  description: undefined,
  number: undefined,
  fileName: undefined,
  lineNumber: undefined,
  columnNumber: undefined,
  stack:
   'Error: connect ETIMEDOUT 34.235.42.225:443\n    at TCPConnectWrap.afterConnect [as oncomplete] (net.js:1107:14)',
  config:
   { transitional:
      { silentJSONParsing: true,
        forcedJSONParsing: true,
        clarifyTimeoutError: false },
     adapter: [Function: httpAdapter],
     transformRequest: [ [Function: transformRequest] ],
     transformResponse: [ [Function: transformResponse] ],
     timeout: 60000,
     xsrfCookieName: 'XSRF-TOKEN',
     xsrfHeaderName: 'X-XSRF-TOKEN',
     maxContentLength: -1,
     maxBodyLength: -1,
     env: { FormData: [Function] },
     validateStatus: [Function: validateStatus],
     headers:
      { Accept: 'application/json, text/plain, */*',
        Authorization: 'Basic OjMwYTY0NmE1LTZjMTQtNDFkZi05YThlLTcxYmJkMzgxY2NmNg==',
        'User-Agent': 'axios/0.27.2' },
     method: 'get',
     url: 'https://testops.katalon.io/api/v1/jobs/get-job',
     params:
      { uuid: '1705980737362-88050189-da2f-419f-a814-b15282260fde',
        organizationId: '1378380' },
     data: null,
     proxy: null,
     httpsAgent:
      Agent {
        _events: [Object],
        _eventsCount: 1,
        _maxListeners: undefined,
        defaultPort: 443,
        protocol: 'https:',
        options: [Object],
        requests: {},
        sockets: [Object],
        freeSockets: {},
        keepAliveMsecs: 1000,
        keepAlive: true,
        maxSockets: Infinity,
        maxFreeSockets: 256,
        maxCachedSessions: 100,
        _sessionCache: [Object] } },
  code: 'ETIMEDOUT',
  status: null }
[2024-01-23T10:58:10.809] [ERROR] katalon - { message: 'connect ETIMEDOUT 3.209.155.10:443',
  name: 'Error',
  description: undefined,
  number: undefined,
  fileName: undefined,
  lineNumber: undefined,
  columnNumber: undefined,
  stack:
   'Error: connect ETIMEDOUT 3.209.155.10:443\n    at TCPConnectWrap.afterConnect [as oncomplete] (net.js:1107:14)',
  config:
   { transitional:
      { silentJSONParsing: true,
        forcedJSONParsing: true,
        clarifyTimeoutError: false },
     adapter: [Function: httpAdapter],
     transformRequest: [ [Function: transformRequest] ],
     transformResponse: [ [Function: transformResponse] ],
     timeout: 60000,
     xsrfCookieName: 'XSRF-TOKEN',
     xsrfHeaderName: 'X-XSRF-TOKEN',
     maxContentLength: -1,
     maxBodyLength: -1,
     env: { FormData: [Function] },
     validateStatus: [Function: validateStatus],
     headers:
      { Accept: 'application/json, text/plain, */*',
        Authorization: 'Basic OjRkNDQxMDVhLTZmOGItNGRlNS05OGM4LWNlMzM2NzkxYjI1MQ==',
        'User-Agent': 'axios/0.27.2' },
     method: 'get',
     url: 'https://testops.katalon.io/api/v1/files/upload-url',
     params: { projectId: 1350532 },
     data: null,
     proxy: null,
     httpsAgent:
      Agent {
        _events: [Object],
        _eventsCount: 1,
        _maxListeners: undefined,
        defaultPort: 443,
        protocol: 'https:',
        options: [Object],
        requests: {},
        sockets: [Object],
        freeSockets: {},
        keepAliveMsecs: 1000,
        keepAlive: true,
        maxSockets: Infinity,
        maxFreeSockets: 256,
        maxCachedSessions: 100,
        _sessionCache: [Object] } },
  code: 'ETIMEDOUT',
  status: null }
[2024-01-23T10:58:10.816] [ERROR] katalon - executeJob: { message: 'connect ETIMEDOUT 3.209.155.10:443',
  name: 'Error',
  description: undefined,
  number: undefined,
  fileName: undefined,
  lineNumber: undefined,
  columnNumber: undefined,
  stack:
   'Error: connect ETIMEDOUT 3.209.155.10:443\n    at TCPConnectWrap.afterConnect [as oncomplete] (net.js:1107:14)',
  config:
   { transitional:
      { silentJSONParsing: true,
        forcedJSONParsing: true,
        clarifyTimeoutError: false },
     adapter: [Function: httpAdapter],
     transformRequest: [ [Function: transformRequest] ],
     transformResponse: [ [Function: transformResponse] ],
     timeout: 60000,
     xsrfCookieName: 'XSRF-TOKEN',
     xsrfHeaderName: 'X-XSRF-TOKEN',
     maxContentLength: -1,
     maxBodyLength: -1,
     env: { FormData: [Function] },
     validateStatus: [Function: validateStatus],
     headers:
      { Accept: 'application/json, text/plain, */*',
        Authorization: 'Basic OjRkNDQxMDVhLTZmOGItNGRlNS05OGM4LWNlMzM2NzkxYjI1MQ==',
        'User-Agent': 'axios/0.27.2' },
     method: 'get',
     url: 'https://testops.katalon.io/api/v1/files/upload-url',
     params: { projectId: 1350532 },
     data: null,
     proxy: null,
     httpsAgent:
      Agent {
        _events: [Object],
        _eventsCount: 1,
        _maxListeners: undefined,
        defaultPort: 443,
        protocol: 'https:',
        options: [Object],
        requests: {},
        sockets: [Object],
        freeSockets: {},
        keepAliveMsecs: 1000,
        keepAlive: true,
        maxSockets: Infinity,
        maxFreeSockets: 256,
        maxCachedSessions: 100,
        _sessionCache: [Object] } },
  code: 'ETIMEDOUT',
  status: null }
[2024-01-23T10:58:31.876] [ERROR] katalon - { message: 'connect ETIMEDOUT 3.209.155.10:443',
  name: 'Error',
  description: undefined,
  number: undefined,
  fileName: undefined,
  lineNumber: undefined,
  columnNumber: undefined,
  stack:
   'Error: connect ETIMEDOUT 3.209.155.10:443\n    at TCPConnectWrap.afterConnect [as oncomplete] (net.js:1107:14)',
  config:
   { transitional:
      { silentJSONParsing: true,
        forcedJSONParsing: true,
        clarifyTimeoutError: false },
     adapter: [Function: httpAdapter],
     transformRequest: [ [Function: transformRequest] ],
     transformResponse: [ [Function: transformResponse] ],
     timeout: 60000,
     xsrfCookieName: 'XSRF-TOKEN',
     xsrfHeaderName: 'X-XSRF-TOKEN',
     maxContentLength: -1,
     maxBodyLength: -1,
     env: { FormData: [Function] },
     validateStatus: [Function: validateStatus],
     headers:
      { Accept: 'application/json, text/plain, */*',
        Authorization: 'Basic OjRkNDQxMDVhLTZmOGItNGRlNS05OGM4LWNlMzM2NzkxYjI1MQ==',
        'User-Agent': 'axios/0.27.2' },
     method: 'get',
     url: 'https://testops.katalon.io/api/v1/files/upload-url',
     params: { projectId: 1350532 },
     data: null,
     proxy: null,
     httpsAgent:
      Agent {
        _events: [Object],
        _eventsCount: 1,
        _maxListeners: undefined,
        defaultPort: 443,
        protocol: 'https:',
        options: [Object],
        requests: {},
        sockets: [Object],
        freeSockets: {},
        keepAliveMsecs: 1000,
        keepAlive: true,
        maxSockets: Infinity,
        maxFreeSockets: 256,
        maxCachedSessions: 100,
        _sessionCache: [Object] } },
  code: 'ETIMEDOUT',
  status: null }
[2024-01-23T10:58:31.934] [ERROR] katalon - { Error: ENOTEMPTY: directory not empty, rmdir 'C:\Users\0767\Katalon Studio\ProjectIGLO\tmp\2024.01.23-10.57--7320-5ylx4OkH7F7i-3349447'
    at Object.rmdirSync (fs.js:684:3)
    at rmkidsSync (D:\snapshot\katalon-agent\node_modules\tmp\node_modules\rimraf\rimraf.js:349:27)
    at rmdirSync (D:\snapshot\katalon-agent\node_modules\tmp\node_modules\rimraf\rimraf.js:329:7)
    at rimrafSync (D:\snapshot\katalon-agent\node_modules\tmp\node_modules\rimraf\rimraf.js:301:9)
    at Object._cleanupCallback [as removeCallback] (D:\snapshot\katalon-agent\node_modules\tmp\lib\tmp.js:356:16)
    at executeJob (D:\snapshot\katalon-agent\src\service\agent.js:0:0)
    at process._tickCallback (internal/process/next_tick.js:68:7)
  errno: -4051,
  syscall: 'rmdir',
  code: 'ENOTEMPTY',
  path:
   'C:\\Users\\0767\\Katalon Studio\\ProjectIGLO\\tmp\\2024.01.23-10.57--7320-5ylx4OkH7F7i-3349447' }
[2024-01-23T10:58:40.844] [ERROR] katalon - { message: 'connect ETIMEDOUT 3.209.155.10:443',
  name: 'Error',
  description: undefined,
  number: undefined,
  fileName: undefined,
  lineNumber: undefined,
  columnNumber: undefined,
  stack:
   'Error: connect ETIMEDOUT 3.209.155.10:443\n    at TCPConnectWrap.afterConnect [as oncomplete] (net.js:1107:14)',
  config:
   { transitional:
      { silentJSONParsing: true,
        forcedJSONParsing: true,
        clarifyTimeoutError: false },
     adapter: [Function: httpAdapter],
     transformRequest: [ [Function: transformRequest] ],
     transformResponse: [ [Function: transformResponse] ],
     timeout: 60000,
     xsrfCookieName: 'XSRF-TOKEN',
     xsrfHeaderName: 'X-XSRF-TOKEN',
     maxContentLength: -1,
     maxBodyLength: -1,
     env: { FormData: [Function] },
     validateStatus: [Function: validateStatus],
     headers:
      { Accept: 'application/json, text/plain, */*',
        'Content-Type': 'application/x-www-form-urlencoded',
        Authorization: 'Basic OjRkNDQxMDVhLTZmOGItNGRlNS05OGM4LWNlMzM2NzkxYjI1MQ==',
        'User-Agent': 'axios/0.27.2' },
     method: 'patch',
     url: 'https://testops.katalon.io/api/v1/jobs/3349447',
     params: {},
     data: null,
     proxy: null,
     httpsAgent:
      Agent {
        _events: [Object],
        _eventsCount: 1,
        _maxListeners: undefined,
        defaultPort: 443,
        protocol: 'https:',
        options: [Object],
        requests: {},
        sockets: [Object],
        freeSockets: {},
        keepAliveMsecs: 1000,
        keepAlive: true,
        maxSockets: Infinity,
        maxFreeSockets: 256,
        maxCachedSessions: 100,
        _sessionCache: [Object] } },
  code: 'ETIMEDOUT',
  status: null }
[2024-01-23T11:04:37.282] [ERROR] katalon - { message: 'connect ETIMEDOUT 34.235.42.225:443',
  name: 'Error',
  description: undefined,
  number: undefined,
  fileName: undefined,
  lineNumber: undefined,
  columnNumber: undefined,
  stack:
   'Error: connect ETIMEDOUT 34.235.42.225:443\n    at TCPConnectWrap.afterConnect [as oncomplete] (net.js:1107:14)',
  config:
   { transitional:
      { silentJSONParsing: true,
        forcedJSONParsing: true,
        clarifyTimeoutError: false },
     adapter: [Function: httpAdapter],
     transformRequest: [ [Function: transformRequest] ],
     transformResponse: [ [Function: transformResponse] ],
     timeout: 60000,
     xsrfCookieName: 'XSRF-TOKEN',
     xsrfHeaderName: 'X-XSRF-TOKEN',
     maxContentLength: -1,
     maxBodyLength: -1,
     env: { FormData: [Function] },
     validateStatus: [Function: validateStatus],
     headers:
      { Accept: 'application/json, text/plain, */*',
        'Content-Type': 'application/json',
        Authorization: 'Basic OjMwYTY0NmE1LTZjMTQtNDFkZi05YThlLTcxYmJkMzgxY2NmNg==',
        'User-Agent': 'axios/0.27.2',
        'Content-Length': 199 },
     method: 'post',
     url: 'https://testops.katalon.io/api/v1/agent',
     params: {},
     data:
      '{"uuid":"1705980737362-88050189-da2f-419f-a814-b15282260fde","name":"My Agent","organizationId":"1378380","hostname":"DESKTOP-SQ56SGT","ip":"192.168.55.147","os":"Windows 64","agentVersion":"v2.0.1"}',
     proxy: null,
     httpsAgent:
      Agent {
        _events: [Object],
        _eventsCount: 1,
        _maxListeners: undefined,
        defaultPort: 443,
        protocol: 'https:',
        options: [Object],
        requests: {},
        sockets: [Object],
        freeSockets: {},
        keepAliveMsecs: 1000,
        keepAlive: true,
        maxSockets: Infinity,
        maxFreeSockets: 256,
        maxCachedSessions: 100,
        _sessionCache: [Object] } },
  code: 'ETIMEDOUT',
  status: null }
[2024-01-23T11:04:37.292] [ERROR] katalon - Cannot send agent info to server: { message: 'connect ETIMEDOUT 34.235.42.225:443',
  name: 'Error',
  description: undefined,
  number: undefined,
  fileName: undefined,
  lineNumber: undefined,
  columnNumber: undefined,
  stack:
   'Error: connect ETIMEDOUT 34.235.42.225:443\n    at TCPConnectWrap.afterConnect [as oncomplete] (net.js:1107:14)',
  config:
   { transitional:
      { silentJSONParsing: true,
        forcedJSONParsing: true,
        clarifyTimeoutError: false },
     adapter: [Function: httpAdapter],
     transformRequest: [ [Function: transformRequest] ],
     transformResponse: [ [Function: transformResponse] ],
     timeout: 60000,
     xsrfCookieName: 'XSRF-TOKEN',
     xsrfHeaderName: 'X-XSRF-TOKEN',
     maxContentLength: -1,
     maxBodyLength: -1,
     env: { FormData: [Function] },
     validateStatus: [Function: validateStatus],
     headers:
      { Accept: 'application/json, text/plain, */*',
        'Content-Type': 'application/json',
        Authorization: 'Basic OjMwYTY0NmE1LTZjMTQtNDFkZi05YThlLTcxYmJkMzgxY2NmNg==',
        'User-Agent': 'axios/0.27.2',
        'Content-Length': 199 },
     method: 'post',
     url: 'https://testops.katalon.io/api/v1/agent',
     params: {},
     data:
      '{"uuid":"1705980737362-88050189-da2f-419f-a814-b15282260fde","name":"My Agent","organizationId":"1378380","hostname":"DESKTOP-SQ56SGT","ip":"192.168.55.147","os":"Windows 64","agentVersion":"v2.0.1"}',
     proxy: null,
     httpsAgent:
      Agent {
        _events: [Object],
        _eventsCount: 1,
        _maxListeners: undefined,
        defaultPort: 443,
        protocol: 'https:',
        options: [Object],
        requests: {},
        sockets: [Object],
        freeSockets: {},
        keepAliveMsecs: 1000,
        keepAlive: true,
        maxSockets: Infinity,
        maxFreeSockets: 256,
        maxCachedSessions: 100,
        _sessionCache: [Object] } },
  code: 'ETIMEDOUT',
  status: null }
[2024-01-23T11:04:37.306] [ERROR] katalon - { message: 'connect ETIMEDOUT 34.235.42.225:443',
  name: 'Error',
  description: undefined,
  number: undefined,
  fileName: undefined,
  lineNumber: undefined,
  columnNumber: undefined,
  stack:
   'Error: connect ETIMEDOUT 34.235.42.225:443\n    at TCPConnectWrap.afterConnect [as oncomplete] (net.js:1107:14)',
  config:
   { transitional:
      { silentJSONParsing: true,
        forcedJSONParsing: true,
        clarifyTimeoutError: false },
     adapter: [Function: httpAdapter],
     transformRequest: [ [Function: transformRequest] ],
     transformResponse: [ [Function: transformResponse] ],
     timeout: 60000,
     xsrfCookieName: 'XSRF-TOKEN',
     xsrfHeaderName: 'X-XSRF-TOKEN',
     maxContentLength: -1,
     maxBodyLength: -1,
     env: { FormData: [Function] },
     validateStatus: [Function: validateStatus],
     headers:
      { Accept: 'application/json, text/plain, */*',
        Authorization: 'Basic OjMwYTY0NmE1LTZjMTQtNDFkZi05YThlLTcxYmJkMzgxY2NmNg==',
        'User-Agent': 'axios/0.27.2' },
     method: 'get',
     url: 'https://testops.katalon.io/api/v1/jobs/get-job',
     params:
      { uuid: '1705980737362-88050189-da2f-419f-a814-b15282260fde',
        organizationId: '1378380' },
     data: null,
     proxy: null,
     httpsAgent:
      Agent {
        _events: [Object],
        _eventsCount: 1,
        _maxListeners: undefined,
        defaultPort: 443,
        protocol: 'https:',
        options: [Object],
        requests: {},
        sockets: [Object],
        freeSockets: {},
        keepAliveMsecs: 1000,
        keepAlive: true,
        maxSockets: Infinity,
        maxFreeSockets: 256,
        maxCachedSessions: 100,
        _sessionCache: [Object] } },
  code: 'ETIMEDOUT',
  status: null }
[2024-01-23T11:04:37.313] [ERROR] katalon - { message: 'connect ETIMEDOUT 34.235.42.225:443',
  name: 'Error',
  description: undefined,
  number: undefined,
  fileName: undefined,
  lineNumber: undefined,
  columnNumber: undefined,
  stack:
   'Error: connect ETIMEDOUT 34.235.42.225:443\n    at TCPConnectWrap.afterConnect [as oncomplete] (net.js:1107:14)',
  config:
   { transitional:
      { silentJSONParsing: true,
        forcedJSONParsing: true,
        clarifyTimeoutError: false },
     adapter: [Function: httpAdapter],
     transformRequest: [ [Function: transformRequest] ],
     transformResponse: [ [Function: transformResponse] ],
     timeout: 60000,
     xsrfCookieName: 'XSRF-TOKEN',
     xsrfHeaderName: 'X-XSRF-TOKEN',
     maxContentLength: -1,
     maxBodyLength: -1,
     env: { FormData: [Function] },
     validateStatus: [Function: validateStatus],
     headers:
      { Accept: 'application/json, text/plain, */*',
        Authorization: 'Basic OjMwYTY0NmE1LTZjMTQtNDFkZi05YThlLTcxYmJkMzgxY2NmNg==',
        'User-Agent': 'axios/0.27.2' },
     method: 'get',
     url: 'https://testops.katalon.io/api/v1/jobs/get-job',
     params:
      { uuid: '1705980737362-88050189-da2f-419f-a814-b15282260fde',
        organizationId: '1378380' },
     data: null,
     proxy: null,
     httpsAgent:
      Agent {
        _events: [Object],
        _eventsCount: 1,
        _maxListeners: undefined,
        defaultPort: 443,
        protocol: 'https:',
        options: [Object],
        requests: {},
        sockets: [Object],
        freeSockets: {},
        keepAliveMsecs: 1000,
        keepAlive: true,
        maxSockets: Infinity,
        maxFreeSockets: 256,
        maxCachedSessions: 100,
        _sessionCache: [Object] } },
  code: 'ETIMEDOUT',
  status: null }
[2024-01-23T11:06:37.416] [ERROR] katalon - { message: 'connect ETIMEDOUT 3.209.155.10:443',
  name: 'Error',
  description: undefined,
  number: undefined,
  fileName: undefined,
  lineNumber: undefined,
  columnNumber: undefined,
  stack:
   'Error: connect ETIMEDOUT 3.209.155.10:443\n    at TCPConnectWrap.afterConnect [as oncomplete] (net.js:1107:14)',
  config:
   { transitional:
      { silentJSONParsing: true,
        forcedJSONParsing: true,
        clarifyTimeoutError: false },
     adapter: [Function: httpAdapter],
     transformRequest: [ [Function: transformRequest] ],
     transformResponse: [ [Function: transformResponse] ],
     timeout: 60000,
     xsrfCookieName: 'XSRF-TOKEN',
     xsrfHeaderName: 'X-XSRF-TOKEN',
     maxContentLength: -1,
     maxBodyLength: -1,
     env: { FormData: [Function] },
     validateStatus: [Function: validateStatus],
     headers:
      { Accept: 'application/json, text/plain, */*',
        Authorization: 'Basic OjMwYTY0NmE1LTZjMTQtNDFkZi05YThlLTcxYmJkMzgxY2NmNg==',
        'User-Agent': 'axios/0.27.2' },
     method: 'get',
     url: 'https://testops.katalon.io/api/v1/jobs/get-job',
     params:
      { uuid: '1705980737362-88050189-da2f-419f-a814-b15282260fde',
        organizationId: '1378380' },
     data: null,
     proxy: null,
     httpsAgent:
      Agent {
        _events: [Object],
        _eventsCount: 1,
        _maxListeners: undefined,
        defaultPort: 443,
        protocol: 'https:',
        options: [Object],
        requests: {},
        sockets: [Object],
        freeSockets: {},
        keepAliveMsecs: 1000,
        keepAlive: true,
        maxSockets: Infinity,
        maxFreeSockets: 256,
        maxCachedSessions: 100,
        _sessionCache: [Object] } },
  code: 'ETIMEDOUT',
  status: null }
[2024-01-23T11:06:37.421] [ERROR] katalon - { message: 'connect ETIMEDOUT 3.209.155.10:443',
  name: 'Error',
  description: undefined,
  number: undefined,
  fileName: undefined,
  lineNumber: undefined,
  columnNumber: undefined,
  stack:
   'Error: connect ETIMEDOUT 3.209.155.10:443\n    at TCPConnectWrap.afterConnect [as oncomplete] (net.js:1107:14)',
  config:
   { transitional:
      { silentJSONParsing: true,
        forcedJSONParsing: true,
        clarifyTimeoutError: false },
     adapter: [Function: httpAdapter],
     transformRequest: [ [Function: transformRequest] ],
     transformResponse: [ [Function: transformResponse] ],
     timeout: 60000,
     xsrfCookieName: 'XSRF-TOKEN',
     xsrfHeaderName: 'X-XSRF-TOKEN',
     maxContentLength: -1,
     maxBodyLength: -1,
     env: { FormData: [Function] },
     validateStatus: [Function: validateStatus],
     headers:
      { Accept: 'application/json, text/plain, */*',
        Authorization: 'Basic OjMwYTY0NmE1LTZjMTQtNDFkZi05YThlLTcxYmJkMzgxY2NmNg==',
        'User-Agent': 'axios/0.27.2' },
     method: 'get',
     url: 'https://testops.katalon.io/api/v1/jobs/get-job',
     params:
      { uuid: '1705980737362-88050189-da2f-419f-a814-b15282260fde',
        organizationId: '1378380' },
     data: null,
     proxy: null,
     httpsAgent:
      Agent {
        _events: [Object],
        _eventsCount: 1,
        _maxListeners: undefined,
        defaultPort: 443,
        protocol: 'https:',
        options: [Object],
        requests: {},
        sockets: [Object],
        freeSockets: {},
        keepAliveMsecs: 1000,
        keepAlive: true,
        maxSockets: Infinity,
        maxFreeSockets: 256,
        maxCachedSessions: 100,
        _sessionCache: [Object] } },
  code: 'ETIMEDOUT',
  status: null }
[2024-01-23T11:06:37.424] [ERROR] katalon - { message: 'connect ETIMEDOUT 3.209.155.10:443',
  name: 'Error',
  description: undefined,
  number: undefined,
  fileName: undefined,
  lineNumber: undefined,
  columnNumber: undefined,
  stack:
   'Error: connect ETIMEDOUT 3.209.155.10:443\n    at TCPConnectWrap.afterConnect [as oncomplete] (net.js:1107:14)',
  config:
   { transitional:
      { silentJSONParsing: true,
        forcedJSONParsing: true,
        clarifyTimeoutError: false },
     adapter: [Function: httpAdapter],
     transformRequest: [ [Function: transformRequest] ],
     transformResponse: [ [Function: transformResponse] ],
     timeout: 60000,
     xsrfCookieName: 'XSRF-TOKEN',
     xsrfHeaderName: 'X-XSRF-TOKEN',
     maxContentLength: -1,
     maxBodyLength: -1,
     env: { FormData: [Function] },
     validateStatus: [Function: validateStatus],
     headers:
      { Accept: 'application/json, text/plain, */*',
        'Content-Type': 'application/json',
        Authorization: 'Basic OjMwYTY0NmE1LTZjMTQtNDFkZi05YThlLTcxYmJkMzgxY2NmNg==',
        'User-Agent': 'axios/0.27.2',
        'Content-Length': 199 },
     method: 'post',
     url: 'https://testops.katalon.io/api/v1/agent',
     params: {},
     data:
      '{"uuid":"1705980737362-88050189-da2f-419f-a814-b15282260fde","name":"My Agent","organizationId":"1378380","hostname":"DESKTOP-SQ56SGT","ip":"192.168.55.147","os":"Windows 64","agentVersion":"v2.0.1"}',
     proxy: null,
     httpsAgent:
      Agent {
        _events: [Object],
        _eventsCount: 1,
        _maxListeners: undefined,
        defaultPort: 443,
        protocol: 'https:',
        options: [Object],
        requests: {},
        sockets: [Object],
        freeSockets: {},
        keepAliveMsecs: 1000,
        keepAlive: true,
        maxSockets: Infinity,
        maxFreeSockets: 256,
        maxCachedSessions: 100,
        _sessionCache: [Object] } },
  code: 'ETIMEDOUT',
  status: null }
[2024-01-23T11:06:37.426] [ERROR] katalon - Cannot send agent info to server: { message: 'connect ETIMEDOUT 3.209.155.10:443',
  name: 'Error',
  description: undefined,
  number: undefined,
  fileName: undefined,
  lineNumber: undefined,
  columnNumber: undefined,
  stack:
   'Error: connect ETIMEDOUT 3.209.155.10:443\n    at TCPConnectWrap.afterConnect [as oncomplete] (net.js:1107:14)',
  config:
   { transitional:
      { silentJSONParsing: true,
        forcedJSONParsing: true,
        clarifyTimeoutError: false },
     adapter: [Function: httpAdapter],
     transformRequest: [ [Function: transformRequest] ],
     transformResponse: [ [Function: transformResponse] ],
     timeout: 60000,
     xsrfCookieName: 'XSRF-TOKEN',
     xsrfHeaderName: 'X-XSRF-TOKEN',
     maxContentLength: -1,
     maxBodyLength: -1,
     env: { FormData: [Function] },
     validateStatus: [Function: validateStatus],
     headers:
      { Accept: 'application/json, text/plain, */*',
        'Content-Type': 'application/json',
        Authorization: 'Basic OjMwYTY0NmE1LTZjMTQtNDFkZi05YThlLTcxYmJkMzgxY2NmNg==',
        'User-Agent': 'axios/0.27.2',
        'Content-Length': 199 },
     method: 'post',
     url: 'https://testops.katalon.io/api/v1/agent',
     params: {},
     data:
      '{"uuid":"1705980737362-88050189-da2f-419f-a814-b15282260fde","name":"My Agent","organizationId":"1378380","hostname":"DESKTOP-SQ56SGT","ip":"192.168.55.147","os":"Windows 64","agentVersion":"v2.0.1"}',
     proxy: null,
     httpsAgent:
      Agent {
        _events: [Object],
        _eventsCount: 1,
        _maxListeners: undefined,
        defaultPort: 443,
        protocol: 'https:',
        options: [Object],
        requests: {},
        sockets: [Object],
        freeSockets: {},
        keepAliveMsecs: 1000,
        keepAlive: true,
        maxSockets: Infinity,
        maxFreeSockets: 256,
        maxCachedSessions: 100,
        _sessionCache: [Object] } },
  code: 'ETIMEDOUT',
  status: null }
